{"numTotalTestSuites":58,"numPassedTestSuites":49,"numFailedTestSuites":9,"numPendingTestSuites":0,"numTotalTests":290,"numPassedTests":278,"numFailedTests":12,"numPendingTests":0,"numTodoTests":0,"snapshot":{"added":0,"failure":false,"filesAdded":0,"filesRemoved":0,"filesRemovedList":[],"filesUnmatched":0,"filesUpdated":0,"matched":0,"total":0,"unchecked":0,"uncheckedKeysByFile":[],"unmatched":0,"updated":0,"didUpdate":false},"startTime":1776925090008,"success":false,"testResults":[{"assertionResults":[{"ancestorTitles":["GET /api/analytics"],"fullName":"GET /api/analytics returns 401 when not authenticated","status":"passed","title":"returns 401 when not authenticated","duration":3.141834000000017,"failureMessages":[],"meta":{},"tags":[]},{"ancestorTitles":["GET /api/analytics"],"fullName":"GET /api/analytics returns analytics summary for client (no wheel filter)","status":"passed","title":"returns analytics summary for client (no wheel filter)","duration":3.7885420000000067,"failureMessages":[],"meta":{},"tags":[]},{"ancestorTitles":["GET /api/analytics"],"fullName":"GET /api/analytics returns analytics for a specific wheel","status":"passed","title":"returns analytics for a specific wheel","duration":0.7093750000000227,"failureMessages":[],"meta":{},"tags":[]},{"ancestorTitles":["GET /api/analytics"],"fullName":"GET /api/analytics returns 404 when wheel_id belongs to another client","status":"passed","title":"returns 404 when wheel_id belongs to another client","duration":0.346541000000002,"failureMessages":[],"meta":{},"tags":[]},{"ancestorTitles":["GET /api/analytics"],"fullName":"GET /api/analytics returns empty arrays when no spins exist","status":"passed","title":"returns empty arrays when no spins exist","duration":0.6892080000000078,"failureMessages":[],"meta":{},"tags":[]},{"ancestorTitles":["GET /api/analytics"],"fullName":"GET /api/analytics returns 500 on DB error","status":"passed","title":"returns 500 on DB error","duration":0.33933300000001054,"failureMessages":[],"meta":{},"tags":[]},{"ancestorTitles":["GET /api/analytics"],"fullName":"GET /api/analytics accepts date range params (from / to)","status":"passed","title":"accepts date range params (from / to)","duration":0.21204199999999673,"failureMessages":[],"meta":{},"tags":[]},{"ancestorTitles":["GET /api/analytics"],"fullName":"GET /api/analytics returns prize_breakdown and segment_breakdown arrays","status":"passed","title":"returns prize_breakdown and segment_breakdown arrays","duration":0.2347080000000119,"failureMessages":[],"meta":{},"tags":[]}],"startTime":1776925090960,"endTime":1776925090969.3394,"status":"passed","message":"","name":"/Users/indianic/Downloads/Wheel_Fortune/wheel forutne github/wheelofFortune/src/__tests__/analytics.test.ts"},{"assertionResults":[{"ancestorTitles":["GET /api/account/audit-logs"],"fullName":"GET /api/account/audit-logs returns 401 when not authenticated","status":"passed","title":"returns 401 when not authenticated","duration":5.046875,"failureMessages":[],"meta":{},"tags":[]},{"ancestorTitles":["GET /api/account/audit-logs"],"fullName":"GET /api/account/audit-logs returns empty logs when none exist","status":"passed","title":"returns empty logs when none exist","duration":1.7320829999999887,"failureMessages":[],"meta":{},"tags":[]},{"ancestorTitles":["GET /api/account/audit-logs"],"fullName":"GET /api/account/audit-logs returns audit logs for authenticated owner","status":"passed","title":"returns audit logs for authenticated owner","duration":0.7242499999999836,"failureMessages":[],"meta":{},"tags":[]},{"ancestorTitles":["GET /api/account/audit-logs"],"fullName":"GET /api/account/audit-logs returns audit logs for viewer role (read-only endpoint)","status":"passed","title":"returns audit logs for viewer role (read-only endpoint)","duration":0.23762499999998,"failureMessages":[],"meta":{},"tags":[]},{"ancestorTitles":["GET /api/account/audit-logs"],"fullName":"GET /api/account/audit-logs respects limit and offset query params","status":"passed","title":"respects limit and offset query params","duration":0.36058300000001964,"failureMessages":[],"meta":{},"tags":[]},{"ancestorTitles":["GET /api/account/audit-logs"],"fullName":"GET /api/account/audit-logs caps limit at 100","status":"passed","title":"caps limit at 100","duration":0.23620799999997644,"failureMessages":[],"meta":{},"tags":[]},{"ancestorTitles":["GET /api/account/audit-logs"],"fullName":"GET /api/account/audit-logs returns log entries with expected fields","status":"passed","title":"returns log entries with expected fields","duration":0.3204170000000204,"failureMessages":[],"meta":{},"tags":[]},{"ancestorTitles":["GET /api/account/audit-logs"],"fullName":"GET /api/account/audit-logs returns 500 on DB error","status":"passed","title":"returns 500 on DB error","duration":0.2868339999999989,"failureMessages":[],"meta":{},"tags":[]}],"startTime":1776925090959,"endTime":1776925090968.3203,"status":"passed","message":"","name":"/Users/indianic/Downloads/Wheel_Fortune/wheel forutne github/wheelofFortune/src/__tests__/audit.test.ts"},{"assertionResults":[{"ancestorTitles":["POST /api/auth/login"],"fullName":"POST /api/auth/login returns 400 when email is missing","status":"passed","title":"returns 400 when email is missing","duration":3.5632920000000468,"failureMessages":[],"meta":{},"tags":[]},{"ancestorTitles":["POST /api/auth/login"],"fullName":"POST /api/auth/login returns 400 when password is missing","status":"passed","title":"returns 400 when password is missing","duration":1.0367499999999836,"failureMessages":[],"meta":{},"tags":[]},{"ancestorTitles":["POST /api/auth/login"],"fullName":"POST /api/auth/login returns 401 when user not found","status":"passed","title":"returns 401 when user not found","duration":1.0335420000000113,"failureMessages":[],"meta":{},"tags":[]},{"ancestorTitles":["POST /api/auth/login"],"fullName":"POST /api/auth/login returns 401 when password is wrong","status":"passed","title":"returns 401 when password is wrong","duration":0.8280000000000314,"failureMessages":[],"meta":{},"tags":[]},{"ancestorTitles":["POST /api/auth/login"],"fullName":"POST /api/auth/login returns 401 for deleted user","status":"passed","title":"returns 401 for deleted user","duration":5.757249999999999,"failureMessages":[],"meta":{},"tags":[]},{"ancestorTitles":["POST /api/auth/login"],"fullName":"POST /api/auth/login returns 200 with user + client on valid credentials","status":"passed","title":"returns 200 with user + client on valid credentials","duration":0.8312500000000114,"failureMessages":[],"meta":{},"tags":[]},{"ancestorTitles":["POST /api/auth/login"],"fullName":"POST /api/auth/login sets access_token and refresh_token cookies on success","status":"passed","title":"sets access_token and refresh_token cookies on success","duration":0.41516599999999926,"failureMessages":[],"meta":{},"tags":[]},{"ancestorTitles":["POST /api/auth/login"],"fullName":"POST /api/auth/login does not expose password_hash in response","status":"passed","title":"does not expose password_hash in response","duration":0.32487500000002,"failureMessages":[],"meta":{},"tags":[]},{"ancestorTitles":["POST /api/auth/login"],"fullName":"POST /api/auth/login returns 500 on unexpected DB error","status":"passed","title":"returns 500 on unexpected DB error","duration":0.2923749999999927,"failureMessages":[],"meta":{},"tags":[]}],"startTime":1776925090864,"endTime":1776925090878.325,"status":"passed","message":"","name":"/Users/indianic/Downloads/Wheel_Fortune/wheel forutne github/wheelofFortune/src/__tests__/auth-login.test.ts"},{"assertionResults":[{"ancestorTitles":["GET /api/leads"],"fullName":"GET /api/leads returns 401 when not authenticated","status":"passed","title":"returns 401 when not authenticated","duration":4.432749999999999,"failureMessages":[],"meta":{},"tags":[]},{"ancestorTitles":["GET /api/leads"],"fullName":"GET /api/leads returns empty list when no leads exist","status":"passed","title":"returns empty list when no leads exist","duration":3.679417000000001,"failureMessages":[],"meta":{},"tags":[]},{"ancestorTitles":["GET /api/leads"],"fullName":"GET /api/leads returns paginated leads for authenticated user","status":"passed","title":"returns paginated leads for authenticated user","duration":1.7826670000000036,"failureMessages":[],"meta":{},"tags":[]},{"ancestorTitles":["GET /api/leads"],"fullName":"GET /api/leads filters by wheel_id when provided","status":"passed","title":"filters by wheel_id when provided","duration":1.033042000000023,"failureMessages":[],"meta":{},"tags":[]},{"ancestorTitles":["GET /api/leads"],"fullName":"GET /api/leads returns 404 when wheel_id belongs to another client","status":"passed","title":"returns 404 when wheel_id belongs to another client","duration":0.7864579999999819,"failureMessages":[],"meta":{},"tags":[]},{"ancestorTitles":["GET /api/leads"],"fullName":"GET /api/leads respects page and limit query params","status":"passed","title":"respects page and limit query params","duration":0.7315830000000005,"failureMessages":[],"meta":{},"tags":[]},{"ancestorTitles":["GET /api/leads"],"fullName":"GET /api/leads caps limit at 100","status":"passed","title":"caps limit at 100","duration":0.6105839999999603,"failureMessages":[],"meta":{},"tags":[]},{"ancestorTitles":["GET /api/leads"],"fullName":"GET /api/leads supports search query parameter","status":"passed","title":"supports search query parameter","duration":0.3123329999999669,"failureMessages":[],"meta":{},"tags":[]},{"ancestorTitles":["GET /api/leads"],"fullName":"GET /api/leads returns leads with prize information","status":"passed","title":"returns leads with prize information","duration":0.24920900000000756,"failureMessages":[],"meta":{},"tags":[]}],"startTime":1776925090902,"endTime":1776925090915.3123,"status":"passed","message":"","name":"/Users/indianic/Downloads/Wheel_Fortune/wheel forutne github/wheelofFortune/src/__tests__/leads.test.ts"},{"assertionResults":[{"ancestorTitles":["normalizeSegment"],"fullName":"normalizeSegment converts string offsets returned by the DB driver to numbers","status":"passed","title":"converts string offsets returned by the DB driver to numbers","duration":0.7015410000000202,"failureMessages":[],"meta":{},"tags":[]},{"ancestorTitles":["normalizeSegment"],"fullName":"normalizeSegment passes through null offsets unchanged","status":"passed","title":"passes through null offsets unchanged","duration":0.12000000000000455,"failureMessages":[],"meta":{},"tags":[]},{"ancestorTitles":["normalizeSegment"],"fullName":"normalizeSegment passes through undefined offsets as null","status":"passed","title":"passes through undefined offsets as null","duration":0.11120899999997391,"failureMessages":[],"meta":{},"tags":[]},{"ancestorTitles":["normalizeSegment"],"fullName":"normalizeSegment leaves already-numeric offsets unchanged","status":"passed","title":"leaves already-numeric offsets unchanged","duration":0.07841700000000174,"failureMessages":[],"meta":{},"tags":[]},{"ancestorTitles":["normalizeSegment"],"fullName":"normalizeSegment preserves all other segment fields untouched","status":"passed","title":"preserves all other segment fields untouched","duration":0.14637499999997772,"failureMessages":[],"meta":{},"tags":[]},{"ancestorTitles":["normalizeSegment"],"fullName":"normalizeSegment handles zero string \"0.00\" correctly (distinct from null)","status":"passed","title":"handles zero string \"0.00\" correctly (distinct from null)","duration":0.12441700000005085,"failureMessages":[],"meta":{},"tags":[]},{"ancestorTitles":["normalizeSegment"],"fullName":"normalizeSegment handles negative string offsets","status":"passed","title":"handles negative string offsets","duration":0.06733400000001666,"failureMessages":[],"meta":{},"tags":[]}],"startTime":1776925091162,"endTime":1776925091163.1465,"status":"passed","message":"","name":"/Users/indianic/Downloads/Wheel_Fortune/wheel forutne github/wheelofFortune/src/__tests__/normalize-segment.test.ts"},{"assertionResults":[{"ancestorTitles":["selectSegment"],"fullName":"selectSegment returns a segment from the eligible pool","status":"passed","title":"returns a segment from the eligible pool","duration":2.8820840000000203,"failureMessages":[],"meta":{},"tags":[]},{"ancestorTitles":["selectSegment"],"fullName":"selectSegment returns a server seed string","status":"passed","title":"returns a server seed string","duration":0.1810000000000116,"failureMessages":[],"meta":{},"tags":[]},{"ancestorTitles":["selectSegment"],"fullName":"selectSegment respects win_cap_daily — skips fully-capped segment","status":"passed","title":"respects win_cap_daily — skips fully-capped segment","duration":0.5911670000000129,"failureMessages":[],"meta":{},"tags":[]},{"ancestorTitles":["selectSegment"],"fullName":"selectSegment respects win_cap_total — skips fully-capped segment","status":"passed","title":"respects win_cap_total — skips fully-capped segment","duration":0.7051669999999888,"failureMessages":[],"meta":{},"tags":[]},{"ancestorTitles":["selectSegment"],"fullName":"selectSegment partially-capped segment (not yet at limit) remains eligible","status":"passed","title":"partially-capped segment (not yet at limit) remains eligible","duration":0.21829200000001947,"failureMessages":[],"meta":{},"tags":[]},{"ancestorTitles":["selectSegment"],"fullName":"selectSegment falls back to any segment when all eligible are capped","status":"passed","title":"falls back to any segment when all eligible are capped","duration":0.11545799999998962,"failureMessages":[],"meta":{},"tags":[]},{"ancestorTitles":["selectSegment"],"fullName":"selectSegment handles single-segment list","status":"passed","title":"handles single-segment list","duration":0.2582919999999831,"failureMessages":[],"meta":{},"tags":[]},{"ancestorTitles":["selectSegment"],"fullName":"selectSegment distributes across segments with equal weight","status":"passed","title":"distributes across segments with equal weight","duration":1.8197910000000093,"failureMessages":[],"meta":{},"tags":[]},{"ancestorTitles":["selectSegment"],"fullName":"selectSegment heavily-weighted segment wins the vast majority","status":"passed","title":"heavily-weighted segment wins the vast majority","duration":1.3670410000000004,"failureMessages":[],"meta":{},"tags":[]},{"ancestorTitles":["generateCouponCode"],"fullName":"generateCouponCode starts with the given prefix","status":"passed","title":"starts with the given prefix","duration":0.35495800000001054,"failureMessages":[],"meta":{},"tags":[]},{"ancestorTitles":["generateCouponCode"],"fullName":"generateCouponCode returns the requested total length","status":"passed","title":"returns the requested total length","duration":0.10683300000002305,"failureMessages":[],"meta":{},"tags":[]},{"ancestorTitles":["generateCouponCode"],"fullName":"generateCouponCode only contains uppercase alphanumeric characters","status":"passed","title":"only contains uppercase alphanumeric characters","duration":0.7882919999999842,"failureMessages":[],"meta":{},"tags":[]},{"ancestorTitles":["generateCouponCode"],"fullName":"generateCouponCode produces unique codes across multiple calls","status":"passed","title":"produces unique codes across multiple calls","duration":0.5514579999999967,"failureMessages":[],"meta":{},"tags":[]},{"ancestorTitles":["generateCouponCode"],"fullName":"generateCouponCode handles empty prefix","status":"passed","title":"handles empty prefix","duration":0.1845830000000035,"failureMessages":[],"meta":{},"tags":[]},{"ancestorTitles":["generateCouponCode"],"fullName":"generateCouponCode handles prefix length equal to total length (suffix length = 1)","status":"passed","title":"handles prefix length equal to total length (suffix length = 1)","duration":0.13845900000001166,"failureMessages":[],"meta":{},"tags":[]}],"startTime":1776925090936,"endTime":1776925090947.5515,"status":"passed","message":"","name":"/Users/indianic/Downloads/Wheel_Fortune/wheel forutne github/wheelofFortune/src/__tests__/prize-engine.test.ts"},{"assertionResults":[{"ancestorTitles":["GET /api/prizes/[id]"],"fullName":"GET /api/prizes/[id] returns 401 when not authenticated","status":"passed","title":"returns 401 when not authenticated","duration":3.092041999999992,"failureMessages":[],"meta":{},"tags":[]},{"ancestorTitles":["GET /api/prizes/[id]"],"fullName":"GET /api/prizes/[id] returns 404 when prize not found","status":"passed","title":"returns 404 when prize not found","duration":1.1080420000000117,"failureMessages":[],"meta":{},"tags":[]},{"ancestorTitles":["GET /api/prizes/[id]"],"fullName":"GET /api/prizes/[id] returns 404 for cross-tenant access","status":"passed","title":"returns 404 for cross-tenant access","duration":0.2694160000000352,"failureMessages":[],"meta":{},"tags":[]},{"ancestorTitles":["GET /api/prizes/[id]"],"fullName":"GET /api/prizes/[id] returns prize on success","status":"passed","title":"returns prize on success","duration":0.5113750000000437,"failureMessages":[],"meta":{},"tags":[]},{"ancestorTitles":["GET /api/prizes/[id]"],"fullName":"GET /api/prizes/[id] returns 500 on DB error","status":"passed","title":"returns 500 on DB error","duration":0.3058749999999577,"failureMessages":[],"meta":{},"tags":[]},{"ancestorTitles":["PUT /api/prizes/[id]"],"fullName":"PUT /api/prizes/[id] returns 401 when not authenticated","status":"passed","title":"returns 401 when not authenticated","duration":0.351208999999983,"failureMessages":[],"meta":{},"tags":[]},{"ancestorTitles":["PUT /api/prizes/[id]"],"fullName":"PUT /api/prizes/[id] returns 403 for viewer role","status":"passed","title":"returns 403 for viewer role","duration":0.2039169999999899,"failureMessages":[],"meta":{},"tags":[]},{"ancestorTitles":["PUT /api/prizes/[id]"],"fullName":"PUT /api/prizes/[id] returns 404 when prize not found","status":"passed","title":"returns 404 when prize not found","duration":0.1811670000000163,"failureMessages":[],"meta":{},"tags":[]},{"ancestorTitles":["PUT /api/prizes/[id]"],"fullName":"PUT /api/prizes/[id] updates prize name for editor","status":"passed","title":"updates prize name for editor","duration":0.37274999999999636,"failureMessages":[],"meta":{},"tags":[]},{"ancestorTitles":["PUT /api/prizes/[id]"],"fullName":"PUT /api/prizes/[id] returns 500 on DB error","status":"passed","title":"returns 500 on DB error","duration":0.2917499999999791,"failureMessages":[],"meta":{},"tags":[]},{"ancestorTitles":["DELETE /api/prizes/[id]"],"fullName":"DELETE /api/prizes/[id] returns 401 when not authenticated","status":"passed","title":"returns 401 when not authenticated","duration":0.20641599999999016,"failureMessages":[],"meta":{},"tags":[]},{"ancestorTitles":["DELETE /api/prizes/[id]"],"fullName":"DELETE /api/prizes/[id] returns 403 for editor role","status":"passed","title":"returns 403 for editor role","duration":0.12366700000001174,"failureMessages":[],"meta":{},"tags":[]},{"ancestorTitles":["DELETE /api/prizes/[id]"],"fullName":"DELETE /api/prizes/[id] returns 403 for viewer role","status":"passed","title":"returns 403 for viewer role","duration":0.12566600000002381,"failureMessages":[],"meta":{},"tags":[]},{"ancestorTitles":["DELETE /api/prizes/[id]"],"fullName":"DELETE /api/prizes/[id] returns 404 when prize not found","status":"passed","title":"returns 404 when prize not found","duration":0.10804200000001174,"failureMessages":[],"meta":{},"tags":[]},{"ancestorTitles":["DELETE /api/prizes/[id]"],"fullName":"DELETE /api/prizes/[id] returns 409 when prize is used by active segment","status":"passed","title":"returns 409 when prize is used by active segment","duration":0.16220799999996416,"failureMessages":[],"meta":{},"tags":[]},{"ancestorTitles":["DELETE /api/prizes/[id]"],"fullName":"DELETE /api/prizes/[id] deletes prize when not in use","status":"passed","title":"deletes prize when not in use","duration":0.31391700000000355,"failureMessages":[],"meta":{},"tags":[]},{"ancestorTitles":["DELETE /api/prizes/[id]"],"fullName":"DELETE /api/prizes/[id] returns 500 on DB error","status":"passed","title":"returns 500 on DB error","duration":0.13691699999998264,"failureMessages":[],"meta":{},"tags":[]}],"startTime":1776925090563,"endTime":1776925090570.314,"status":"passed","message":"","name":"/Users/indianic/Downloads/Wheel_Fortune/wheel forutne github/wheelofFortune/src/__tests__/prizes-id.test.ts"},{"assertionResults":[{"ancestorTitles":["GET /api/prizes"],"fullName":"GET /api/prizes returns 401 when not authenticated","status":"passed","title":"returns 401 when not authenticated","duration":3.10024999999996,"failureMessages":[],"meta":{},"tags":[]},{"ancestorTitles":["GET /api/prizes"],"fullName":"GET /api/prizes returns empty list when no prizes exist","status":"passed","title":"returns empty list when no prizes exist","duration":1.427915999999982,"failureMessages":[],"meta":{},"tags":[]},{"ancestorTitles":["GET /api/prizes"],"fullName":"GET /api/prizes returns prizes for authenticated client","status":"passed","title":"returns prizes for authenticated client","duration":0.9102090000000089,"failureMessages":[],"meta":{},"tags":[]},{"ancestorTitles":["GET /api/prizes"],"fullName":"GET /api/prizes returns 500 on DB error","status":"passed","title":"returns 500 on DB error","duration":0.8382080000000087,"failureMessages":[],"meta":{},"tags":[]},{"ancestorTitles":["POST /api/prizes"],"fullName":"POST /api/prizes returns 401 when not authenticated","status":"passed","title":"returns 401 when not authenticated","duration":1.318458000000021,"failureMessages":[],"meta":{},"tags":[]},{"ancestorTitles":["POST /api/prizes"],"fullName":"POST /api/prizes returns 403 for viewer role","status":"passed","title":"returns 403 for viewer role","duration":0.33474999999998545,"failureMessages":[],"meta":{},"tags":[]},{"ancestorTitles":["POST /api/prizes"],"fullName":"POST /api/prizes returns 400 when name is missing","status":"passed","title":"returns 400 when name is missing","duration":0.2941250000000082,"failureMessages":[],"meta":{},"tags":[]},{"ancestorTitles":["POST /api/prizes"],"fullName":"POST /api/prizes returns 400 when type is missing","status":"passed","title":"returns 400 when type is missing","duration":0.2530830000000037,"failureMessages":[],"meta":{},"tags":[]},{"ancestorTitles":["POST /api/prizes"],"fullName":"POST /api/prizes returns 400 when display_title is missing","status":"passed","title":"returns 400 when display_title is missing","duration":0.23374999999998636,"failureMessages":[],"meta":{},"tags":[]},{"ancestorTitles":["POST /api/prizes"],"fullName":"POST /api/prizes returns 400 for invalid prize type","status":"passed","title":"returns 400 for invalid prize type","duration":0.31374999999997044,"failureMessages":[],"meta":{},"tags":[]},{"ancestorTitles":["POST /api/prizes"],"fullName":"POST /api/prizes returns 400 for coupon type without coupon_mode","status":"passed","title":"returns 400 for coupon type without coupon_mode","duration":0.23775000000000546,"failureMessages":[],"meta":{},"tags":[]},{"ancestorTitles":["POST /api/prizes"],"fullName":"POST /api/prizes returns 400 for points type without points_value","status":"passed","title":"returns 400 for points type without points_value","duration":0.19958400000001575,"failureMessages":[],"meta":{},"tags":[]},{"ancestorTitles":["POST /api/prizes"],"fullName":"POST /api/prizes returns 400 for url_redirect type without redirect_url","status":"passed","title":"returns 400 for url_redirect type without redirect_url","duration":0.16608300000001464,"failureMessages":[],"meta":{},"tags":[]},{"ancestorTitles":["POST /api/prizes"],"fullName":"POST /api/prizes creates a coupon prize for owner","status":"passed","title":"creates a coupon prize for owner","duration":0.19016600000003336,"failureMessages":[],"meta":{},"tags":[]},{"ancestorTitles":["POST /api/prizes"],"fullName":"POST /api/prizes creates a message prize (no extra conditionals required)","status":"passed","title":"creates a message prize (no extra conditionals required)","duration":0.4141249999999559,"failureMessages":[],"meta":{},"tags":[]},{"ancestorTitles":["POST /api/prizes"],"fullName":"POST /api/prizes creates a try_again prize","status":"passed","title":"creates a try_again prize","duration":0.6149999999999523,"failureMessages":[],"meta":{},"tags":[]},{"ancestorTitles":["POST /api/prizes"],"fullName":"POST /api/prizes returns 500 on DB error","status":"passed","title":"returns 500 on DB error","duration":0.6844580000000065,"failureMessages":[],"meta":{},"tags":[]}],"startTime":1776925090565,"endTime":1776925090576.6846,"status":"passed","message":"","name":"/Users/indianic/Downloads/Wheel_Fortune/wheel forutne github/wheelofFortune/src/__tests__/prizes.test.ts"},{"assertionResults":[{"ancestorTitles":["computeFinalBallAngle"],"fullName":"computeFinalBallAngle returns a finite number","status":"passed","title":"returns a finite number","duration":0.6879169999999704,"failureMessages":[],"meta":{},"tags":[]},{"ancestorTitles":["computeFinalBallAngle"],"fullName":"computeFinalBallAngle ball lands within the winning segment (8 segments, various winIdx)","status":"passed","title":"ball lands within the winning segment (8 segments, various winIdx)","duration":0.2331670000000372,"failureMessages":[],"meta":{},"tags":[]},{"ancestorTitles":["computeFinalBallAngle"],"fullName":"computeFinalBallAngle ball lands within the winning segment (2 segments)","status":"passed","title":"ball lands within the winning segment (2 segments)","duration":0.08933300000001054,"failureMessages":[],"meta":{},"tags":[]},{"ancestorTitles":["computeFinalBallAngle"],"fullName":"computeFinalBallAngle ball lands within the winning segment (24 segments)","status":"passed","title":"ball lands within the winning segment (24 segments)","duration":0.2895830000000501,"failureMessages":[],"meta":{},"tags":[]},{"ancestorTitles":["computeFinalBallAngle"],"fullName":"computeFinalBallAngle is deterministic — same inputs produce same output","status":"passed","title":"is deterministic — same inputs produce same output","duration":0.06604099999998425,"failureMessages":[],"meta":{},"tags":[]},{"ancestorTitles":["computeFinalBallAngle"],"fullName":"computeFinalBallAngle orbit count changes the travel distance but not the pocket landing","status":"passed","title":"orbit count changes the travel distance but not the pocket landing","duration":0.08899999999999864,"failureMessages":[],"meta":{},"tags":[]}],"startTime":1776925091095,"endTime":1776925091097.089,"status":"passed","message":"","name":"/Users/indianic/Downloads/Wheel_Fortune/wheel forutne github/wheelofFortune/src/__tests__/roulette-renderer.test.ts"},{"assertionResults":[{"ancestorTitles":["POST /api/spin/execute"],"fullName":"POST /api/spin/execute returns 400 when session_id is missing","status":"passed","title":"returns 400 when session_id is missing","duration":3.8686670000000163,"failureMessages":[],"meta":{},"tags":[]},{"ancestorTitles":["POST /api/spin/execute"],"fullName":"POST /api/spin/execute returns 400 when idempotency_key is missing","status":"passed","title":"returns 400 when idempotency_key is missing","duration":0.5569169999999986,"failureMessages":[],"meta":{},"tags":[]},{"ancestorTitles":["POST /api/spin/execute"],"fullName":"POST /api/spin/execute returns cached result on duplicate idempotency key","status":"passed","title":"returns cached result on duplicate idempotency key","duration":0.44408300000003464,"failureMessages":[],"meta":{},"tags":[]},{"ancestorTitles":["POST /api/spin/execute"],"fullName":"POST /api/spin/execute returns 404 when session not found","status":"passed","title":"returns 404 when session not found","duration":0.2697079999999801,"failureMessages":[],"meta":{},"tags":[]},{"ancestorTitles":["POST /api/spin/execute"],"fullName":"POST /api/spin/execute returns 409 when session already spun","status":"passed","title":"returns 409 when session already spun","duration":0.35637499999995725,"failureMessages":[],"meta":{},"tags":[]},{"ancestorTitles":["POST /api/spin/execute"],"fullName":"POST /api/spin/execute returns 410 when session is expired","status":"passed","title":"returns 410 when session is expired","duration":0.3110419999999863,"failureMessages":[],"meta":{},"tags":[]},{"ancestorTitles":["POST /api/spin/execute"],"fullName":"POST /api/spin/execute executes spin and returns winning result with static coupon","status":"passed","title":"executes spin and returns winning result with static coupon","duration":0.7547079999999937,"failureMessages":[],"meta":{},"tags":[]},{"ancestorTitles":["POST /api/spin/execute"],"fullName":"POST /api/spin/execute triggers guaranteed win on the Nth spin","status":"passed","title":"triggers guaranteed win on the Nth spin","duration":0.9615420000000086,"failureMessages":[],"meta":{},"tags":[]},{"ancestorTitles":["POST /api/spin/execute"],"fullName":"POST /api/spin/execute does NOT trigger guaranteed win on a non-Nth spin","status":"passed","title":"does NOT trigger guaranteed win on a non-Nth spin","duration":0.6652919999999654,"failureMessages":[],"meta":{},"tags":[]}],"startTime":1776925090574,"endTime":1776925090582.6653,"status":"passed","message":"","name":"/Users/indianic/Downloads/Wheel_Fortune/wheel forutne github/wheelofFortune/src/__tests__/spin-execute.test.ts"},{"assertionResults":[{"ancestorTitles":["POST /api/spin/session"],"fullName":"POST /api/spin/session returns 400 when embed_token is missing","status":"passed","title":"returns 400 when embed_token is missing","duration":4.495124999999973,"failureMessages":[],"meta":{},"tags":[]},{"ancestorTitles":["POST /api/spin/session"],"fullName":"POST /api/spin/session returns 404 when wheel not found","status":"passed","title":"returns 404 when wheel not found","duration":0.6863749999999982,"failureMessages":[],"meta":{},"tags":[]},{"ancestorTitles":["POST /api/spin/session"],"fullName":"POST /api/spin/session returns 503 when wheel status is not active","status":"passed","title":"returns 503 when wheel status is not active","duration":0.390041999999994,"failureMessages":[],"meta":{},"tags":[]},{"ancestorTitles":["POST /api/spin/session"],"fullName":"POST /api/spin/session returns 503 when client is inactive","status":"passed","title":"returns 503 when client is inactive","duration":0.30766599999998334,"failureMessages":[],"meta":{},"tags":[]},{"ancestorTitles":["POST /api/spin/session"],"fullName":"POST /api/spin/session returns 429 when monthly quota is exceeded","status":"passed","title":"returns 429 when monthly quota is exceeded","duration":0.37675000000001546,"failureMessages":[],"meta":{},"tags":[]},{"ancestorTitles":["POST /api/spin/session"],"fullName":"POST /api/spin/session returns 429 when total_spin_cap is reached","status":"passed","title":"returns 429 when total_spin_cap is reached","duration":0.28804200000001856,"failureMessages":[],"meta":{},"tags":[]},{"ancestorTitles":["POST /api/spin/session"],"fullName":"POST /api/spin/session returns 403 when geo-fence blocks visitor","status":"passed","title":"returns 403 when geo-fence blocks visitor","duration":0.36195800000001555,"failureMessages":[],"meta":{},"tags":[]},{"ancestorTitles":["POST /api/spin/session"],"fullName":"POST /api/spin/session allows visitor that is in geo-fence allow-list","status":"failed","title":"allows visitor that is in geo-fence allow-list","duration":4.241667000000007,"failureMessages":["AssertionError: expected 500 to be 201 // Object.is equality\n    at /Users/indianic/Downloads/Wheel_Fortune/wheel forutne github/wheelofFortune/src/__tests__/spin-session.test.ts:131:24\n    at processTicksAndRejections (node:internal/process/task_queues:103:5)\n    at file:///Users/indianic/Downloads/Wheel_Fortune/wheel%20forutne%20github/wheelofFortune/node_modules/@vitest/runner/dist/chunk-artifact.js:1893:20"],"meta":{},"tags":[]},{"ancestorTitles":["POST /api/spin/session"],"fullName":"POST /api/spin/session returns 503 when wheel has not started yet (active_from in future)","status":"failed","title":"returns 503 when wheel has not started yet (active_from in future)","duration":0.5412089999999807,"failureMessages":["AssertionError: expected 404 to be 503 // Object.is equality\n    at /Users/indianic/Downloads/Wheel_Fortune/wheel forutne github/wheelofFortune/src/__tests__/spin-session.test.ts:138:24\n    at processTicksAndRejections (node:internal/process/task_queues:103:5)\n    at file:///Users/indianic/Downloads/Wheel_Fortune/wheel%20forutne%20github/wheelofFortune/node_modules/@vitest/runner/dist/chunk-artifact.js:1893:20"],"meta":{},"tags":[]},{"ancestorTitles":["POST /api/spin/session"],"fullName":"POST /api/spin/session returns 503 when wheel campaign has ended (active_until in past)","status":"passed","title":"returns 503 when wheel campaign has ended (active_until in past)","duration":0.3052500000000009,"failureMessages":[],"meta":{},"tags":[]},{"ancestorTitles":["POST /api/spin/session"],"fullName":"POST /api/spin/session creates session and returns 201 with correct shape in preview mode","status":"failed","title":"creates session and returns 201 with correct shape in preview mode","duration":1.724790999999982,"failureMessages":["AssertionError: expected 'wheel-1' to be 'sess-1' // Object.is equality\n    at /Users/indianic/Downloads/Wheel_Fortune/wheel forutne github/wheelofFortune/src/__tests__/spin-session.test.ts:163:29\n    at processTicksAndRejections (node:internal/process/task_queues:103:5)\n    at file:///Users/indianic/Downloads/Wheel_Fortune/wheel%20forutne%20github/wheelofFortune/node_modules/@vitest/runner/dist/chunk-artifact.js:1893:20"],"meta":{},"tags":[]}],"startTime":1776925090574,"endTime":1776925090587.7249,"status":"failed","message":"","name":"/Users/indianic/Downloads/Wheel_Fortune/wheel forutne github/wheelofFortune/src/__tests__/spin-session.test.ts"},{"assertionResults":[{"ancestorTitles":["Theme Application Utility"],"fullName":"Theme Application Utility INTERNAL: correctly applies a built-in wheel template config and branding","status":"failed","title":"INTERNAL: correctly applies a built-in wheel template config and branding","duration":7.312750000000051,"failureMessages":["AssertionError: expected 8 to be 4 // Object.is equality\n    at /Users/indianic/Downloads/Wheel_Fortune/wheel forutne github/wheelofFortune/src/__tests__/theme-application.test.ts:26:32\n    at file:///Users/indianic/Downloads/Wheel_Fortune/wheel%20forutne%20github/wheelofFortune/node_modules/@vitest/runner/dist/chunk-artifact.js:302:11\n    at file:///Users/indianic/Downloads/Wheel_Fortune/wheel%20forutne%20github/wheelofFortune/node_modules/@vitest/runner/dist/chunk-artifact.js:1893:26\n    at file:///Users/indianic/Downloads/Wheel_Fortune/wheel%20forutne%20github/wheelofFortune/node_modules/@vitest/runner/dist/chunk-artifact.js:2316:20\n    at new Promise (<anonymous>)\n    at runWithCancel (file:///Users/indianic/Downloads/Wheel_Fortune/wheel%20forutne%20github/wheelofFortune/node_modules/@vitest/runner/dist/chunk-artifact.js:2313:10)\n    at file:///Users/indianic/Downloads/Wheel_Fortune/wheel%20forutne%20github/wheelofFortune/node_modules/@vitest/runner/dist/chunk-artifact.js:2295:20\n    at new Promise (<anonymous>)\n    at runWithTimeout (file:///Users/indianic/Downloads/Wheel_Fortune/wheel%20forutne%20github/wheelofFortune/node_modules/@vitest/runner/dist/chunk-artifact.js:2262:10)\n    at file:///Users/indianic/Downloads/Wheel_Fortune/wheel%20forutne%20github/wheelofFortune/node_modules/@vitest/runner/dist/chunk-artifact.js:2945:64"],"meta":{},"tags":[]},{"ancestorTitles":["Theme Application Utility"],"fullName":"Theme Application Utility CUSTOM: correctly handles an ad-hoc custom theme without image overlays","status":"failed","title":"CUSTOM: correctly handles an ad-hoc custom theme without image overlays","duration":1.1570829999999432,"failureMessages":["TypeError: Cannot read properties of undefined (reading 'bg_color')\n    at /Users/indianic/Downloads/Wheel_Fortune/wheel forutne github/wheelofFortune/src/__tests__/theme-application.test.ts:64:27\n    at file:///Users/indianic/Downloads/Wheel_Fortune/wheel%20forutne%20github/wheelofFortune/node_modules/@vitest/runner/dist/chunk-artifact.js:302:11\n    at file:///Users/indianic/Downloads/Wheel_Fortune/wheel%20forutne%20github/wheelofFortune/node_modules/@vitest/runner/dist/chunk-artifact.js:1893:26\n    at file:///Users/indianic/Downloads/Wheel_Fortune/wheel%20forutne%20github/wheelofFortune/node_modules/@vitest/runner/dist/chunk-artifact.js:2316:20\n    at new Promise (<anonymous>)\n    at runWithCancel (file:///Users/indianic/Downloads/Wheel_Fortune/wheel%20forutne%20github/wheelofFortune/node_modules/@vitest/runner/dist/chunk-artifact.js:2313:10)\n    at file:///Users/indianic/Downloads/Wheel_Fortune/wheel%20forutne%20github/wheelofFortune/node_modules/@vitest/runner/dist/chunk-artifact.js:2295:20\n    at new Promise (<anonymous>)\n    at runWithTimeout (file:///Users/indianic/Downloads/Wheel_Fortune/wheel%20forutne%20github/wheelofFortune/node_modules/@vitest/runner/dist/chunk-artifact.js:2262:10)\n    at file:///Users/indianic/Downloads/Wheel_Fortune/wheel%20forutne%20github/wheelofFortune/node_modules/@vitest/runner/dist/chunk-artifact.js:2945:64"],"meta":{},"tags":[]}],"startTime":1776925090733,"endTime":1776925090741.157,"status":"failed","message":"","name":"/Users/indianic/Downloads/Wheel_Fortune/wheel forutne github/wheelofFortune/src/__tests__/theme-application.test.ts"},{"assertionResults":[{"ancestorTitles":["applyTemplateToWheel — core apply logic"],"fullName":"applyTemplateToWheel — core apply logic returns the same number of segments as the input","status":"passed","title":"returns the same number of segments as the input","duration":2.342583999999988,"failureMessages":[],"meta":{},"tags":[]},{"ancestorTitles":["applyTemplateToWheel — core apply logic"],"fullName":"applyTemplateToWheel — core apply logic does NOT mutate original segments","status":"passed","title":"does NOT mutate original segments","duration":0.29349999999999454,"failureMessages":[],"meta":{},"tags":[]},{"ancestorTitles":["applyTemplateToWheel — core apply logic"],"fullName":"applyTemplateToWheel — core apply logic preserves segment id, wheel_id, label, weight, position after palette application","status":"passed","title":"preserves segment id, wheel_id, label, weight, position after palette application","duration":0.36750000000006366,"failureMessages":[],"meta":{},"tags":[]},{"ancestorTitles":["applyTemplateToWheel — core apply logic"],"fullName":"applyTemplateToWheel — core apply logic cycles palette when segment count exceeds palette length","status":"failed","title":"cycles palette when segment count exceeds palette length","duration":2.864665999999943,"failureMessages":["AssertionError: expected '#111111' to be '#aaaaaa' // Object.is equality\n    at /Users/indianic/Downloads/Wheel_Fortune/wheel forutne github/wheelofFortune/src/__tests__/theme-select-preview.test.ts:98:37\n    at file:///Users/indianic/Downloads/Wheel_Fortune/wheel%20forutne%20github/wheelofFortune/node_modules/@vitest/runner/dist/chunk-artifact.js:302:11\n    at file:///Users/indianic/Downloads/Wheel_Fortune/wheel%20forutne%20github/wheelofFortune/node_modules/@vitest/runner/dist/chunk-artifact.js:1893:26\n    at file:///Users/indianic/Downloads/Wheel_Fortune/wheel%20forutne%20github/wheelofFortune/node_modules/@vitest/runner/dist/chunk-artifact.js:2316:20\n    at new Promise (<anonymous>)\n    at runWithCancel (file:///Users/indianic/Downloads/Wheel_Fortune/wheel%20forutne%20github/wheelofFortune/node_modules/@vitest/runner/dist/chunk-artifact.js:2313:10)\n    at file:///Users/indianic/Downloads/Wheel_Fortune/wheel%20forutne%20github/wheelofFortune/node_modules/@vitest/runner/dist/chunk-artifact.js:2295:20\n    at new Promise (<anonymous>)\n    at runWithTimeout (file:///Users/indianic/Downloads/Wheel_Fortune/wheel%20forutne%20github/wheelofFortune/node_modules/@vitest/runner/dist/chunk-artifact.js:2262:10)\n    at file:///Users/indianic/Downloads/Wheel_Fortune/wheel%20forutne%20github/wheelofFortune/node_modules/@vitest/runner/dist/chunk-artifact.js:2945:64"],"meta":{},"tags":[]},{"ancestorTitles":["applyTemplateToWheel — core apply logic"],"fullName":"applyTemplateToWheel — core apply logic handles a single segment correctly","status":"failed","title":"handles a single segment correctly","duration":0.5819170000000895,"failureMessages":["AssertionError: expected '#000000' to be '#023E8A' // Object.is equality\n    at /Users/indianic/Downloads/Wheel_Fortune/wheel forutne github/wheelofFortune/src/__tests__/theme-select-preview.test.ts:109:37\n    at file:///Users/indianic/Downloads/Wheel_Fortune/wheel%20forutne%20github/wheelofFortune/node_modules/@vitest/runner/dist/chunk-artifact.js:302:11\n    at file:///Users/indianic/Downloads/Wheel_Fortune/wheel%20forutne%20github/wheelofFortune/node_modules/@vitest/runner/dist/chunk-artifact.js:1893:26\n    at file:///Users/indianic/Downloads/Wheel_Fortune/wheel%20forutne%20github/wheelofFortune/node_modules/@vitest/runner/dist/chunk-artifact.js:2316:20\n    at new Promise (<anonymous>)\n    at runWithCancel (file:///Users/indianic/Downloads/Wheel_Fortune/wheel%20forutne%20github/wheelofFortune/node_modules/@vitest/runner/dist/chunk-artifact.js:2313:10)\n    at file:///Users/indianic/Downloads/Wheel_Fortune/wheel%20forutne%20github/wheelofFortune/node_modules/@vitest/runner/dist/chunk-artifact.js:2295:20\n    at new Promise (<anonymous>)\n    at runWithTimeout (file:///Users/indianic/Downloads/Wheel_Fortune/wheel%20forutne%20github/wheelofFortune/node_modules/@vitest/runner/dist/chunk-artifact.js:2262:10)\n    at file:///Users/indianic/Downloads/Wheel_Fortune/wheel%20forutne%20github/wheelofFortune/node_modules/@vitest/runner/dist/chunk-artifact.js:2945:64"],"meta":{},"tags":[]},{"ancestorTitles":["applyTemplateToWheel — core apply logic"],"fullName":"applyTemplateToWheel — core apply logic handles empty segment array without throwing","status":"failed","title":"handles empty segment array without throwing","duration":2.227999999999952,"failureMessages":["AssertionError: expected [ { id: 'seg-0', …(24) }, …(5) ] to have a length of +0 but got 6\n    at Proxy.<anonymous> (file:///Users/indianic/Downloads/Wheel_Fortune/wheel%20forutne%20github/wheelofFortune/node_modules/@vitest/expect/dist/index.js:1388:20)\n    at Proxy.<anonymous> (file:///Users/indianic/Downloads/Wheel_Fortune/wheel%20forutne%20github/wheelofFortune/node_modules/@vitest/expect/dist/index.js:1155:15)\n    at Proxy.methodWrapper (file:///Users/indianic/Downloads/Wheel_Fortune/wheel%20forutne%20github/wheelofFortune/node_modules/chai/index.js:1700:25)\n    at /Users/indianic/Downloads/Wheel_Fortune/wheel forutne github/wheelofFortune/src/__tests__/theme-select-preview.test.ts:116:25\n    at file:///Users/indianic/Downloads/Wheel_Fortune/wheel%20forutne%20github/wheelofFortune/node_modules/@vitest/runner/dist/chunk-artifact.js:302:11\n    at file:///Users/indianic/Downloads/Wheel_Fortune/wheel%20forutne%20github/wheelofFortune/node_modules/@vitest/runner/dist/chunk-artifact.js:1893:26\n    at file:///Users/indianic/Downloads/Wheel_Fortune/wheel%20forutne%20github/wheelofFortune/node_modules/@vitest/runner/dist/chunk-artifact.js:2316:20\n    at new Promise (<anonymous>)\n    at runWithCancel (file:///Users/indianic/Downloads/Wheel_Fortune/wheel%20forutne%20github/wheelofFortune/node_modules/@vitest/runner/dist/chunk-artifact.js:2313:10)\n    at file:///Users/indianic/Downloads/Wheel_Fortune/wheel%20forutne%20github/wheelofFortune/node_modules/@vitest/runner/dist/chunk-artifact.js:2295:20"],"meta":{},"tags":[]},{"ancestorTitles":["applyTemplateToWheel — core apply logic"],"fullName":"applyTemplateToWheel — core apply logic returns config as a plain copy — not the original template object","status":"passed","title":"returns config as a plain copy — not the original template object","duration":0.37333300000000236,"failureMessages":[],"meta":{},"tags":[]},{"ancestorTitles":["applyTemplateToWheel — core apply logic"],"fullName":"applyTemplateToWheel — core apply logic returns branding as a plain copy — not the original template object","status":"passed","title":"returns branding as a plain copy — not the original template object","duration":0.24758399999996072,"failureMessages":[],"meta":{},"tags":[]},{"ancestorTitles":["WHEEL_TEMPLATES — catalogue integrity"],"fullName":"WHEEL_TEMPLATES — catalogue integrity has no duplicate template IDs","status":"passed","title":"has no duplicate template IDs","duration":0.22037499999999,"failureMessages":[],"meta":{},"tags":[]},{"ancestorTitles":["WHEEL_TEMPLATES — catalogue integrity"],"fullName":"WHEEL_TEMPLATES — catalogue integrity every template has required fields (id, name, gameType, segmentPalette)","status":"passed","title":"every template has required fields (id, name, gameType, segmentPalette)","duration":2.602999999999952,"failureMessages":[],"meta":{},"tags":[]},{"ancestorTitles":["WHEEL_TEMPLATES — catalogue integrity"],"fullName":"WHEEL_TEMPLATES — catalogue integrity every palette entry has bg_color and text_color strings","status":"passed","title":"every palette entry has bg_color and text_color strings","duration":2.1412499999999,"failureMessages":[],"meta":{},"tags":[]},{"ancestorTitles":["WHEEL_TEMPLATES — catalogue integrity"],"fullName":"WHEEL_TEMPLATES — catalogue integrity can filter wheel-only templates","status":"passed","title":"can filter wheel-only templates","duration":0.34533299999998235,"failureMessages":[],"meta":{},"tags":[]},{"ancestorTitles":["WHEEL_TEMPLATES — catalogue integrity"],"fullName":"WHEEL_TEMPLATES — catalogue integrity can filter scratch_card templates","status":"passed","title":"can filter scratch_card templates","duration":0.38883399999997437,"failureMessages":[],"meta":{},"tags":[]},{"ancestorTitles":["WHEEL_TEMPLATES — catalogue integrity"],"fullName":"WHEEL_TEMPLATES — catalogue integrity can filter slot_machine templates","status":"passed","title":"can filter slot_machine templates","duration":0.19162499999993088,"failureMessages":[],"meta":{},"tags":[]},{"ancestorTitles":["WHEEL_TEMPLATES — catalogue integrity"],"fullName":"WHEEL_TEMPLATES — catalogue integrity can filter roulette templates","status":"passed","title":"can filter roulette templates","duration":0.11479100000008202,"failureMessages":[],"meta":{},"tags":[]},{"ancestorTitles":["WHEEL_TEMPLATES — catalogue integrity"],"fullName":"WHEEL_TEMPLATES — catalogue integrity all wheel templates with outer_ring_width set have a numeric value","status":"passed","title":"all wheel templates with outer_ring_width set have a numeric value","duration":0.27350000000001273,"failureMessages":[],"meta":{},"tags":[]},{"ancestorTitles":["Live preview state simulation"],"fullName":"Live preview state simulation applying festival theme sets confetti_enabled=true on the preview config","status":"passed","title":"applying festival theme sets confetti_enabled=true on the preview config","duration":0.5761250000000473,"failureMessages":[],"meta":{},"tags":[]},{"ancestorTitles":["Live preview state simulation"],"fullName":"Live preview state simulation applying a theme does NOT erase existing wheel config keys absent from the template","status":"passed","title":"applying a theme does NOT erase existing wheel config keys absent from the template","duration":0.2205420000000231,"failureMessages":[],"meta":{},"tags":[]},{"ancestorTitles":["Live preview state simulation"],"fullName":"Live preview state simulation applying a theme does NOT erase existing branding keys absent from the template","status":"passed","title":"applying a theme does NOT erase existing branding keys absent from the template","duration":0.15933300000006057,"failureMessages":[],"meta":{},"tags":[]},{"ancestorTitles":["Live preview state simulation"],"fullName":"Live preview state simulation template branding values override the base branding values","status":"passed","title":"template branding values override the base branding values","duration":0.13829099999998107,"failureMessages":[],"meta":{},"tags":[]},{"ancestorTitles":["Live preview state simulation"],"fullName":"Live preview state simulation template config values override the base config values","status":"passed","title":"template config values override the base config values","duration":0.15287499999999454,"failureMessages":[],"meta":{},"tags":[]},{"ancestorTitles":["Live preview state simulation"],"fullName":"Live preview state simulation applying a second theme overwrites the first (last-write-wins)","status":"passed","title":"applying a second theme overwrites the first (last-write-wins)","duration":0.26400000000001,"failureMessages":[],"meta":{},"tags":[]},{"ancestorTitles":["Live preview state simulation"],"fullName":"Live preview state simulation segment label content is preserved through live preview apply","status":"passed","title":"segment label content is preserved through live preview apply","duration":1.293875000000071,"failureMessages":[],"meta":{},"tags":[]},{"ancestorTitles":["Live preview state simulation"],"fullName":"Live preview state simulation applying a custom ad-hoc theme sets its branding and config on the preview","status":"failed","title":"applying a custom ad-hoc theme sets its branding and config on the preview","duration":1.3559169999999767,"failureMessages":["AssertionError: expected '#111111' to be '#BADA55' // Object.is equality\n    at /Users/indianic/Downloads/Wheel_Fortune/wheel forutne github/wheelofFortune/src/__tests__/theme-select-preview.test.ts:295:34\n    at file:///Users/indianic/Downloads/Wheel_Fortune/wheel%20forutne%20github/wheelofFortune/node_modules/@vitest/runner/dist/chunk-artifact.js:302:11\n    at file:///Users/indianic/Downloads/Wheel_Fortune/wheel%20forutne%20github/wheelofFortune/node_modules/@vitest/runner/dist/chunk-artifact.js:1893:26\n    at file:///Users/indianic/Downloads/Wheel_Fortune/wheel%20forutne%20github/wheelofFortune/node_modules/@vitest/runner/dist/chunk-artifact.js:2316:20\n    at new Promise (<anonymous>)\n    at runWithCancel (file:///Users/indianic/Downloads/Wheel_Fortune/wheel%20forutne%20github/wheelofFortune/node_modules/@vitest/runner/dist/chunk-artifact.js:2313:10)\n    at file:///Users/indianic/Downloads/Wheel_Fortune/wheel%20forutne%20github/wheelofFortune/node_modules/@vitest/runner/dist/chunk-artifact.js:2295:20\n    at new Promise (<anonymous>)\n    at runWithTimeout (file:///Users/indianic/Downloads/Wheel_Fortune/wheel%20forutne%20github/wheelofFortune/node_modules/@vitest/runner/dist/chunk-artifact.js:2262:10)\n    at file:///Users/indianic/Downloads/Wheel_Fortune/wheel%20forutne%20github/wheelofFortune/node_modules/@vitest/runner/dist/chunk-artifact.js:2945:64"],"meta":{},"tags":[]},{"ancestorTitles":["Live preview state simulation"],"fullName":"Live preview state simulation a theme with only branding overrides does not corrupt config","status":"failed","title":"a theme with only branding overrides does not corrupt config","duration":0.7735419999999067,"failureMessages":["AssertionError: expected true to be false // Object.is equality\n    at /Users/indianic/Downloads/Wheel_Fortune/wheel forutne github/wheelofFortune/src/__tests__/theme-select-preview.test.ts:315:37\n    at file:///Users/indianic/Downloads/Wheel_Fortune/wheel%20forutne%20github/wheelofFortune/node_modules/@vitest/runner/dist/chunk-artifact.js:302:11\n    at file:///Users/indianic/Downloads/Wheel_Fortune/wheel%20forutne%20github/wheelofFortune/node_modules/@vitest/runner/dist/chunk-artifact.js:1893:26\n    at file:///Users/indianic/Downloads/Wheel_Fortune/wheel%20forutne%20github/wheelofFortune/node_modules/@vitest/runner/dist/chunk-artifact.js:2316:20\n    at new Promise (<anonymous>)\n    at runWithCancel (file:///Users/indianic/Downloads/Wheel_Fortune/wheel%20forutne%20github/wheelofFortune/node_modules/@vitest/runner/dist/chunk-artifact.js:2313:10)\n    at file:///Users/indianic/Downloads/Wheel_Fortune/wheel%20forutne%20github/wheelofFortune/node_modules/@vitest/runner/dist/chunk-artifact.js:2295:20\n    at new Promise (<anonymous>)\n    at runWithTimeout (file:///Users/indianic/Downloads/Wheel_Fortune/wheel%20forutne%20github/wheelofFortune/node_modules/@vitest/runner/dist/chunk-artifact.js:2262:10)\n    at file:///Users/indianic/Downloads/Wheel_Fortune/wheel%20forutne%20github/wheelofFortune/node_modules/@vitest/runner/dist/chunk-artifact.js:2945:64"],"meta":{},"tags":[]},{"ancestorTitles":["Live preview state simulation"],"fullName":"Live preview state simulation a theme with only config overrides does not corrupt branding","status":"failed","title":"a theme with only config overrides does not corrupt branding","duration":0.6194160000000011,"failureMessages":["AssertionError: expected 'transparent' to be '#7C3AED' // Object.is equality\n    at /Users/indianic/Downloads/Wheel_Fortune/wheel forutne github/wheelofFortune/src/__tests__/theme-select-preview.test.ts:332:36\n    at file:///Users/indianic/Downloads/Wheel_Fortune/wheel%20forutne%20github/wheelofFortune/node_modules/@vitest/runner/dist/chunk-artifact.js:302:11\n    at file:///Users/indianic/Downloads/Wheel_Fortune/wheel%20forutne%20github/wheelofFortune/node_modules/@vitest/runner/dist/chunk-artifact.js:1893:26\n    at file:///Users/indianic/Downloads/Wheel_Fortune/wheel%20forutne%20github/wheelofFortune/node_modules/@vitest/runner/dist/chunk-artifact.js:2316:20\n    at new Promise (<anonymous>)\n    at runWithCancel (file:///Users/indianic/Downloads/Wheel_Fortune/wheel%20forutne%20github/wheelofFortune/node_modules/@vitest/runner/dist/chunk-artifact.js:2313:10)\n    at file:///Users/indianic/Downloads/Wheel_Fortune/wheel%20forutne%20github/wheelofFortune/node_modules/@vitest/runner/dist/chunk-artifact.js:2295:20\n    at new Promise (<anonymous>)\n    at runWithTimeout (file:///Users/indianic/Downloads/Wheel_Fortune/wheel%20forutne%20github/wheelofFortune/node_modules/@vitest/runner/dist/chunk-artifact.js:2262:10)\n    at file:///Users/indianic/Downloads/Wheel_Fortune/wheel%20forutne%20github/wheelofFortune/node_modules/@vitest/runner/dist/chunk-artifact.js:2945:64"],"meta":{},"tags":[]}],"startTime":1776925090734,"endTime":1776925090755.6194,"status":"failed","message":"","name":"/Users/indianic/Downloads/Wheel_Fortune/wheel forutne github/wheelofFortune/src/__tests__/theme-select-preview.test.ts"},{"assertionResults":[{"ancestorTitles":["PATCH /api/themes/[id]"],"fullName":"PATCH /api/themes/[id] returns 401 when not authenticated","status":"passed","title":"returns 401 when not authenticated","duration":2.9688749999999686,"failureMessages":[],"meta":{},"tags":[]},{"ancestorTitles":["PATCH /api/themes/[id]"],"fullName":"PATCH /api/themes/[id] returns 403 for viewer role","status":"passed","title":"returns 403 for viewer role","duration":1.398208000000011,"failureMessages":[],"meta":{},"tags":[]},{"ancestorTitles":["PATCH /api/themes/[id]"],"fullName":"PATCH /api/themes/[id] returns 404 when theme not found","status":"passed","title":"returns 404 when theme not found","duration":0.47945900000001984,"failureMessages":[],"meta":{},"tags":[]},{"ancestorTitles":["PATCH /api/themes/[id]"],"fullName":"PATCH /api/themes/[id] returns 400 when name becomes blank","status":"passed","title":"returns 400 when name becomes blank","duration":0.5657500000000368,"failureMessages":[],"meta":{},"tags":[]},{"ancestorTitles":["PATCH /api/themes/[id]"],"fullName":"PATCH /api/themes/[id] updates theme name for editor","status":"passed","title":"updates theme name for editor","duration":0.4347909999999615,"failureMessages":[],"meta":{},"tags":[]},{"ancestorTitles":["PATCH /api/themes/[id]"],"fullName":"PATCH /api/themes/[id] updates theme config and palette for owner","status":"passed","title":"updates theme config and palette for owner","duration":0.6041669999999613,"failureMessages":[],"meta":{},"tags":[]},{"ancestorTitles":["PATCH /api/themes/[id]"],"fullName":"PATCH /api/themes/[id] returns 500 on DB error","status":"passed","title":"returns 500 on DB error","duration":0.262958000000026,"failureMessages":[],"meta":{},"tags":[]},{"ancestorTitles":["DELETE /api/themes/[id]"],"fullName":"DELETE /api/themes/[id] returns 401 when not authenticated","status":"passed","title":"returns 401 when not authenticated","duration":0.19862499999999272,"failureMessages":[],"meta":{},"tags":[]},{"ancestorTitles":["DELETE /api/themes/[id]"],"fullName":"DELETE /api/themes/[id] returns 403 for viewer role","status":"passed","title":"returns 403 for viewer role","duration":0.1682079999999928,"failureMessages":[],"meta":{},"tags":[]},{"ancestorTitles":["DELETE /api/themes/[id]"],"fullName":"DELETE /api/themes/[id] returns 404 when theme not found","status":"passed","title":"returns 404 when theme not found","duration":0.2410000000000423,"failureMessages":[],"meta":{},"tags":[]},{"ancestorTitles":["DELETE /api/themes/[id]"],"fullName":"DELETE /api/themes/[id] deletes theme for owner","status":"passed","title":"deletes theme for owner","duration":0.19350000000002865,"failureMessages":[],"meta":{},"tags":[]},{"ancestorTitles":["DELETE /api/themes/[id]"],"fullName":"DELETE /api/themes/[id] deletes theme for editor","status":"passed","title":"deletes theme for editor","duration":0.11391699999995808,"failureMessages":[],"meta":{},"tags":[]},{"ancestorTitles":["DELETE /api/themes/[id]"],"fullName":"DELETE /api/themes/[id] returns 500 on DB error","status":"passed","title":"returns 500 on DB error","duration":0.11691700000000083,"failureMessages":[],"meta":{},"tags":[]}],"startTime":1776925090959,"endTime":1776925090967.117,"status":"passed","message":"","name":"/Users/indianic/Downloads/Wheel_Fortune/wheel forutne github/wheelofFortune/src/__tests__/themes-id.test.ts"},{"assertionResults":[{"ancestorTitles":["GET /api/themes"],"fullName":"GET /api/themes returns 401 when not authenticated","status":"passed","title":"returns 401 when not authenticated","duration":2.690249999999992,"failureMessages":[],"meta":{},"tags":[]},{"ancestorTitles":["GET /api/themes"],"fullName":"GET /api/themes returns empty array when no saved themes","status":"passed","title":"returns empty array when no saved themes","duration":2.3619580000000155,"failureMessages":[],"meta":{},"tags":[]},{"ancestorTitles":["GET /api/themes"],"fullName":"GET /api/themes returns saved themes for client","status":"passed","title":"returns saved themes for client","duration":1.3995840000000044,"failureMessages":[],"meta":{},"tags":[]},{"ancestorTitles":["GET /api/themes"],"fullName":"GET /api/themes returns 500 on DB error","status":"passed","title":"returns 500 on DB error","duration":0.4121659999999565,"failureMessages":[],"meta":{},"tags":[]},{"ancestorTitles":["POST /api/themes"],"fullName":"POST /api/themes returns 401 when not authenticated","status":"passed","title":"returns 401 when not authenticated","duration":0.3871249999999691,"failureMessages":[],"meta":{},"tags":[]},{"ancestorTitles":["POST /api/themes"],"fullName":"POST /api/themes returns 403 for viewer role","status":"passed","title":"returns 403 for viewer role","duration":0.28804200000001856,"failureMessages":[],"meta":{},"tags":[]},{"ancestorTitles":["POST /api/themes"],"fullName":"POST /api/themes returns 400 when name is missing","status":"passed","title":"returns 400 when name is missing","duration":0.27912500000002183,"failureMessages":[],"meta":{},"tags":[]},{"ancestorTitles":["POST /api/themes"],"fullName":"POST /api/themes returns 400 when name is blank whitespace","status":"passed","title":"returns 400 when name is blank whitespace","duration":0.23579100000000608,"failureMessages":[],"meta":{},"tags":[]},{"ancestorTitles":["POST /api/themes"],"fullName":"POST /api/themes creates theme for owner with defaults","status":"passed","title":"creates theme for owner with defaults","duration":0.7298750000000496,"failureMessages":[],"meta":{},"tags":[]},{"ancestorTitles":["POST /api/themes"],"fullName":"POST /api/themes creates theme for editor with custom config","status":"passed","title":"creates theme for editor with custom config","duration":0.392832999999996,"failureMessages":[],"meta":{},"tags":[]},{"ancestorTitles":["POST /api/themes"],"fullName":"POST /api/themes returns 500 on DB error","status":"passed","title":"returns 500 on DB error","duration":0.2691669999999817,"failureMessages":[],"meta":{},"tags":[]}],"startTime":1776925090563,"endTime":1776925090573.2693,"status":"passed","message":"","name":"/Users/indianic/Downloads/Wheel_Fortune/wheel forutne github/wheelofFortune/src/__tests__/themes.test.ts"},{"assertionResults":[{"ancestorTitles":["WHEEL_TEMPLATES — required fields"],"fullName":"WHEEL_TEMPLATES — required fields template \"luxury-gold\" has all required fields","status":"passed","title":"template \"luxury-gold\" has all required fields","duration":1.312250000000006,"failureMessages":[],"meta":{},"tags":[]},{"ancestorTitles":["WHEEL_TEMPLATES — required fields"],"fullName":"WHEEL_TEMPLATES — required fields template \"luxury-gold\" segmentPalette has valid hex colors","status":"passed","title":"template \"luxury-gold\" segmentPalette has valid hex colors","duration":0.2369160000000079,"failureMessages":[],"meta":{},"tags":[]},{"ancestorTitles":["WHEEL_TEMPLATES — required fields"],"fullName":"WHEEL_TEMPLATES — required fields template \"neon-night\" has all required fields","status":"passed","title":"template \"neon-night\" has all required fields","duration":0.1608749999999759,"failureMessages":[],"meta":{},"tags":[]},{"ancestorTitles":["WHEEL_TEMPLATES — required fields"],"fullName":"WHEEL_TEMPLATES — required fields template \"neon-night\" segmentPalette has valid hex colors","status":"passed","title":"template \"neon-night\" segmentPalette has valid hex colors","duration":0.13137499999999136,"failureMessages":[],"meta":{},"tags":[]},{"ancestorTitles":["WHEEL_TEMPLATES — required fields"],"fullName":"WHEEL_TEMPLATES — required fields template \"ocean-blue\" has all required fields","status":"passed","title":"template \"ocean-blue\" has all required fields","duration":0.13937500000002956,"failureMessages":[],"meta":{},"tags":[]},{"ancestorTitles":["WHEEL_TEMPLATES — required fields"],"fullName":"WHEEL_TEMPLATES — required fields template \"ocean-blue\" segmentPalette has valid hex colors","status":"passed","title":"template \"ocean-blue\" segmentPalette has valid hex colors","duration":0.12379199999998036,"failureMessages":[],"meta":{},"tags":[]},{"ancestorTitles":["WHEEL_TEMPLATES — required fields"],"fullName":"WHEEL_TEMPLATES — required fields template \"pastel-spring\" has all required fields","status":"passed","title":"template \"pastel-spring\" has all required fields","duration":0.11124999999998408,"failureMessages":[],"meta":{},"tags":[]},{"ancestorTitles":["WHEEL_TEMPLATES — required fields"],"fullName":"WHEEL_TEMPLATES — required fields template \"pastel-spring\" segmentPalette has valid hex colors","status":"passed","title":"template \"pastel-spring\" segmentPalette has valid hex colors","duration":0.10229199999997718,"failureMessages":[],"meta":{},"tags":[]},{"ancestorTitles":["WHEEL_TEMPLATES — required fields"],"fullName":"WHEEL_TEMPLATES — required fields template \"fire-ice\" has all required fields","status":"passed","title":"template \"fire-ice\" has all required fields","duration":0.12287500000002183,"failureMessages":[],"meta":{},"tags":[]},{"ancestorTitles":["WHEEL_TEMPLATES — required fields"],"fullName":"WHEEL_TEMPLATES — required fields template \"fire-ice\" segmentPalette has valid hex colors","status":"passed","title":"template \"fire-ice\" segmentPalette has valid hex colors","duration":0.14354199999996808,"failureMessages":[],"meta":{},"tags":[]},{"ancestorTitles":["WHEEL_TEMPLATES — required fields"],"fullName":"WHEEL_TEMPLATES — required fields template \"corporate\" has all required fields","status":"passed","title":"template \"corporate\" has all required fields","duration":0.10133400000000847,"failureMessages":[],"meta":{},"tags":[]},{"ancestorTitles":["WHEEL_TEMPLATES — required fields"],"fullName":"WHEEL_TEMPLATES — required fields template \"corporate\" segmentPalette has valid hex colors","status":"passed","title":"template \"corporate\" segmentPalette has valid hex colors","duration":0.11887500000000273,"failureMessages":[],"meta":{},"tags":[]},{"ancestorTitles":["WHEEL_TEMPLATES — required fields"],"fullName":"WHEEL_TEMPLATES — required fields template \"tropical\" has all required fields","status":"passed","title":"template \"tropical\" has all required fields","duration":0.10091600000004064,"failureMessages":[],"meta":{},"tags":[]},{"ancestorTitles":["WHEEL_TEMPLATES — required fields"],"fullName":"WHEEL_TEMPLATES — required fields template \"tropical\" segmentPalette has valid hex colors","status":"passed","title":"template \"tropical\" segmentPalette has valid hex colors","duration":0.09699999999997999,"failureMessages":[],"meta":{},"tags":[]},{"ancestorTitles":["WHEEL_TEMPLATES — required fields"],"fullName":"WHEEL_TEMPLATES — required fields template \"festival\" has all required fields","status":"passed","title":"template \"festival\" has all required fields","duration":0.08250000000003865,"failureMessages":[],"meta":{},"tags":[]},{"ancestorTitles":["WHEEL_TEMPLATES — required fields"],"fullName":"WHEEL_TEMPLATES — required fields template \"festival\" segmentPalette has valid hex colors","status":"passed","title":"template \"festival\" segmentPalette has valid hex colors","duration":0.1124170000000504,"failureMessages":[],"meta":{},"tags":[]},{"ancestorTitles":["WHEEL_TEMPLATES — required fields"],"fullName":"WHEEL_TEMPLATES — required fields template \"scratch-golden-ticket\" has all required fields","status":"passed","title":"template \"scratch-golden-ticket\" has all required fields","duration":0.08533299999999144,"failureMessages":[],"meta":{},"tags":[]},{"ancestorTitles":["WHEEL_TEMPLATES — required fields"],"fullName":"WHEEL_TEMPLATES — required fields template \"scratch-golden-ticket\" segmentPalette has valid hex colors","status":"passed","title":"template \"scratch-golden-ticket\" segmentPalette has valid hex colors","duration":0.07537500000000819,"failureMessages":[],"meta":{},"tags":[]},{"ancestorTitles":["WHEEL_TEMPLATES — required fields"],"fullName":"WHEEL_TEMPLATES — required fields template \"scratch-rainbow-foil\" has all required fields","status":"passed","title":"template \"scratch-rainbow-foil\" has all required fields","duration":0.10199999999997544,"failureMessages":[],"meta":{},"tags":[]},{"ancestorTitles":["WHEEL_TEMPLATES — required fields"],"fullName":"WHEEL_TEMPLATES — required fields template \"scratch-rainbow-foil\" segmentPalette has valid hex colors","status":"passed","title":"template \"scratch-rainbow-foil\" segmentPalette has valid hex colors","duration":0.06883300000004056,"failureMessages":[],"meta":{},"tags":[]},{"ancestorTitles":["WHEEL_TEMPLATES — required fields"],"fullName":"WHEEL_TEMPLATES — required fields template \"scratch-silver-classic\" has all required fields","status":"passed","title":"template \"scratch-silver-classic\" has all required fields","duration":0.08916600000003427,"failureMessages":[],"meta":{},"tags":[]},{"ancestorTitles":["WHEEL_TEMPLATES — required fields"],"fullName":"WHEEL_TEMPLATES — required fields template \"scratch-silver-classic\" segmentPalette has valid hex colors","status":"passed","title":"template \"scratch-silver-classic\" segmentPalette has valid hex colors","duration":0.061958000000004176,"failureMessages":[],"meta":{},"tags":[]},{"ancestorTitles":["WHEEL_TEMPLATES — required fields"],"fullName":"WHEEL_TEMPLATES — required fields template \"scratch-neon-reveal\" has all required fields","status":"passed","title":"template \"scratch-neon-reveal\" has all required fields","duration":0.07699999999999818,"failureMessages":[],"meta":{},"tags":[]},{"ancestorTitles":["WHEEL_TEMPLATES — required fields"],"fullName":"WHEEL_TEMPLATES — required fields template \"scratch-neon-reveal\" segmentPalette has valid hex colors","status":"passed","title":"template \"scratch-neon-reveal\" segmentPalette has valid hex colors","duration":0.06012500000002774,"failureMessages":[],"meta":{},"tags":[]},{"ancestorTitles":["WHEEL_TEMPLATES — required fields"],"fullName":"WHEEL_TEMPLATES — required fields template \"scratch-summer-fun\" has all required fields","status":"passed","title":"template \"scratch-summer-fun\" has all required fields","duration":0.07699999999999818,"failureMessages":[],"meta":{},"tags":[]},{"ancestorTitles":["WHEEL_TEMPLATES — required fields"],"fullName":"WHEEL_TEMPLATES — required fields template \"scratch-summer-fun\" segmentPalette has valid hex colors","status":"passed","title":"template \"scratch-summer-fun\" segmentPalette has valid hex colors","duration":0.06824999999997772,"failureMessages":[],"meta":{},"tags":[]},{"ancestorTitles":["WHEEL_TEMPLATES — required fields"],"fullName":"WHEEL_TEMPLATES — required fields template \"scratch-minimal-white\" has all required fields","status":"passed","title":"template \"scratch-minimal-white\" has all required fields","duration":0.1293749999999818,"failureMessages":[],"meta":{},"tags":[]},{"ancestorTitles":["WHEEL_TEMPLATES — required fields"],"fullName":"WHEEL_TEMPLATES — required fields template \"scratch-minimal-white\" segmentPalette has valid hex colors","status":"passed","title":"template \"scratch-minimal-white\" segmentPalette has valid hex colors","duration":0.0800830000000019,"failureMessages":[],"meta":{},"tags":[]},{"ancestorTitles":["WHEEL_TEMPLATES — required fields"],"fullName":"WHEEL_TEMPLATES — required fields template \"slot-vegas-classic\" has all required fields","status":"passed","title":"template \"slot-vegas-classic\" has all required fields","duration":0.08683300000001282,"failureMessages":[],"meta":{},"tags":[]},{"ancestorTitles":["WHEEL_TEMPLATES — required fields"],"fullName":"WHEEL_TEMPLATES — required fields template \"slot-vegas-classic\" segmentPalette has valid hex colors","status":"passed","title":"template \"slot-vegas-classic\" segmentPalette has valid hex colors","duration":0.08550000000002456,"failureMessages":[],"meta":{},"tags":[]},{"ancestorTitles":["WHEEL_TEMPLATES — required fields"],"fullName":"WHEEL_TEMPLATES — required fields template \"slot-neon-tokyo\" has all required fields","status":"passed","title":"template \"slot-neon-tokyo\" has all required fields","duration":0.08337499999998954,"failureMessages":[],"meta":{},"tags":[]},{"ancestorTitles":["WHEEL_TEMPLATES — required fields"],"fullName":"WHEEL_TEMPLATES — required fields template \"slot-neon-tokyo\" segmentPalette has valid hex colors","status":"passed","title":"template \"slot-neon-tokyo\" segmentPalette has valid hex colors","duration":0.10383300000000872,"failureMessages":[],"meta":{},"tags":[]},{"ancestorTitles":["WHEEL_TEMPLATES — required fields"],"fullName":"WHEEL_TEMPLATES — required fields template \"slot-gold-rush\" has all required fields","status":"passed","title":"template \"slot-gold-rush\" has all required fields","duration":0.08429100000000744,"failureMessages":[],"meta":{},"tags":[]},{"ancestorTitles":["WHEEL_TEMPLATES — required fields"],"fullName":"WHEEL_TEMPLATES — required fields template \"slot-gold-rush\" segmentPalette has valid hex colors","status":"passed","title":"template \"slot-gold-rush\" segmentPalette has valid hex colors","duration":0.07745799999997871,"failureMessages":[],"meta":{},"tags":[]},{"ancestorTitles":["WHEEL_TEMPLATES — required fields"],"fullName":"WHEEL_TEMPLATES — required fields template \"slot-ocean-deep\" has all required fields","status":"passed","title":"template \"slot-ocean-deep\" has all required fields","duration":0.0800830000000019,"failureMessages":[],"meta":{},"tags":[]},{"ancestorTitles":["WHEEL_TEMPLATES — required fields"],"fullName":"WHEEL_TEMPLATES — required fields template \"slot-ocean-deep\" segmentPalette has valid hex colors","status":"passed","title":"template \"slot-ocean-deep\" segmentPalette has valid hex colors","duration":0.07433399999996482,"failureMessages":[],"meta":{},"tags":[]},{"ancestorTitles":["WHEEL_TEMPLATES — required fields"],"fullName":"WHEEL_TEMPLATES — required fields template \"slot-fruit-party\" has all required fields","status":"passed","title":"template \"slot-fruit-party\" has all required fields","duration":0.07037500000001273,"failureMessages":[],"meta":{},"tags":[]},{"ancestorTitles":["WHEEL_TEMPLATES — required fields"],"fullName":"WHEEL_TEMPLATES — required fields template \"slot-fruit-party\" segmentPalette has valid hex colors","status":"passed","title":"template \"slot-fruit-party\" segmentPalette has valid hex colors","duration":0.08129100000002154,"failureMessages":[],"meta":{},"tags":[]},{"ancestorTitles":["WHEEL_TEMPLATES — required fields"],"fullName":"WHEEL_TEMPLATES — required fields template \"slot-minimal-5reel\" has all required fields","status":"passed","title":"template \"slot-minimal-5reel\" has all required fields","duration":0.06774999999998954,"failureMessages":[],"meta":{},"tags":[]},{"ancestorTitles":["WHEEL_TEMPLATES — required fields"],"fullName":"WHEEL_TEMPLATES — required fields template \"slot-minimal-5reel\" segmentPalette has valid hex colors","status":"passed","title":"template \"slot-minimal-5reel\" segmentPalette has valid hex colors","duration":0.07841599999994742,"failureMessages":[],"meta":{},"tags":[]},{"ancestorTitles":["WHEEL_TEMPLATES — required fields"],"fullName":"WHEEL_TEMPLATES — required fields template \"roulette-vegas-classic\" has all required fields","status":"passed","title":"template \"roulette-vegas-classic\" has all required fields","duration":0.07116700000000264,"failureMessages":[],"meta":{},"tags":[]},{"ancestorTitles":["WHEEL_TEMPLATES — required fields"],"fullName":"WHEEL_TEMPLATES — required fields template \"roulette-vegas-classic\" segmentPalette has valid hex colors","status":"passed","title":"template \"roulette-vegas-classic\" segmentPalette has valid hex colors","duration":0.08533299999999144,"failureMessages":[],"meta":{},"tags":[]},{"ancestorTitles":["WHEEL_TEMPLATES — required fields"],"fullName":"WHEEL_TEMPLATES — required fields template \"roulette-monte-carlo\" has all required fields","status":"passed","title":"template \"roulette-monte-carlo\" has all required fields","duration":0.07400000000001228,"failureMessages":[],"meta":{},"tags":[]},{"ancestorTitles":["WHEEL_TEMPLATES — required fields"],"fullName":"WHEEL_TEMPLATES — required fields template \"roulette-monte-carlo\" segmentPalette has valid hex colors","status":"passed","title":"template \"roulette-monte-carlo\" segmentPalette has valid hex colors","duration":0.07983300000000781,"failureMessages":[],"meta":{},"tags":[]},{"ancestorTitles":["WHEEL_TEMPLATES — required fields"],"fullName":"WHEEL_TEMPLATES — required fields template \"roulette-neon-tokyo\" has all required fields","status":"passed","title":"template \"roulette-neon-tokyo\" has all required fields","duration":0.12345799999997098,"failureMessages":[],"meta":{},"tags":[]},{"ancestorTitles":["WHEEL_TEMPLATES — required fields"],"fullName":"WHEEL_TEMPLATES — required fields template \"roulette-neon-tokyo\" segmentPalette has valid hex colors","status":"passed","title":"template \"roulette-neon-tokyo\" segmentPalette has valid hex colors","duration":0.09350000000000591,"failureMessages":[],"meta":{},"tags":[]},{"ancestorTitles":["WHEEL_TEMPLATES — required fields"],"fullName":"WHEEL_TEMPLATES — required fields template \"roulette-neon-purple\" has all required fields","status":"passed","title":"template \"roulette-neon-purple\" has all required fields","duration":0.10033399999997528,"failureMessages":[],"meta":{},"tags":[]},{"ancestorTitles":["WHEEL_TEMPLATES — required fields"],"fullName":"WHEEL_TEMPLATES — required fields template \"roulette-neon-purple\" segmentPalette has valid hex colors","status":"passed","title":"template \"roulette-neon-purple\" segmentPalette has valid hex colors","duration":0.1004169999999931,"failureMessages":[],"meta":{},"tags":[]},{"ancestorTitles":["WHEEL_TEMPLATES — required fields"],"fullName":"WHEEL_TEMPLATES — required fields template \"roulette-modern-minimal\" has all required fields","status":"passed","title":"template \"roulette-modern-minimal\" has all required fields","duration":0.09854199999995217,"failureMessages":[],"meta":{},"tags":[]},{"ancestorTitles":["WHEEL_TEMPLATES — required fields"],"fullName":"WHEEL_TEMPLATES — required fields template \"roulette-modern-minimal\" segmentPalette has valid hex colors","status":"passed","title":"template \"roulette-modern-minimal\" segmentPalette has valid hex colors","duration":0.1472919999999931,"failureMessages":[],"meta":{},"tags":[]},{"ancestorTitles":["WHEEL_TEMPLATES — required fields"],"fullName":"WHEEL_TEMPLATES — required fields template \"roulette-gold-rush\" has all required fields","status":"passed","title":"template \"roulette-gold-rush\" has all required fields","duration":0.07220899999998664,"failureMessages":[],"meta":{},"tags":[]},{"ancestorTitles":["WHEEL_TEMPLATES — required fields"],"fullName":"WHEEL_TEMPLATES — required fields template \"roulette-gold-rush\" segmentPalette has valid hex colors","status":"passed","title":"template \"roulette-gold-rush\" segmentPalette has valid hex colors","duration":0.11583300000000918,"failureMessages":[],"meta":{},"tags":[]},{"ancestorTitles":["WHEEL_TEMPLATES — uniqueness"],"fullName":"WHEEL_TEMPLATES — uniqueness has no duplicate IDs","status":"passed","title":"has no duplicate IDs","duration":0.05066599999997834,"failureMessages":[],"meta":{},"tags":[]},{"ancestorTitles":["WHEEL_TEMPLATES — uniqueness"],"fullName":"WHEEL_TEMPLATES — uniqueness has no duplicate names within the same game type","status":"passed","title":"has no duplicate names within the same game type","duration":0.07991600000002563,"failureMessages":[],"meta":{},"tags":[]},{"ancestorTitles":["WHEEL_TEMPLATES — counts"],"fullName":"WHEEL_TEMPLATES — counts has 8 wheel templates","status":"passed","title":"has 8 wheel templates","duration":0.033415999999988344,"failureMessages":[],"meta":{},"tags":[]},{"ancestorTitles":["WHEEL_TEMPLATES — counts"],"fullName":"WHEEL_TEMPLATES — counts has 6 scratch_card templates","status":"passed","title":"has 6 scratch_card templates","duration":0.029666999999960808,"failureMessages":[],"meta":{},"tags":[]},{"ancestorTitles":["WHEEL_TEMPLATES — counts"],"fullName":"WHEEL_TEMPLATES — counts has 6 slot_machine templates","status":"passed","title":"has 6 slot_machine templates","duration":0.04149999999998499,"failureMessages":[],"meta":{},"tags":[]},{"ancestorTitles":["WHEEL_TEMPLATES — counts"],"fullName":"WHEEL_TEMPLATES — counts has 6 roulette templates","status":"passed","title":"has 6 roulette templates","duration":0.026915999999971518,"failureMessages":[],"meta":{},"tags":[]},{"ancestorTitles":["WHEEL_TEMPLATES — game-type config fields"],"fullName":"WHEEL_TEMPLATES — game-type config fields every roulette template sets roulette_pocket_style","status":"passed","title":"every roulette template sets roulette_pocket_style","duration":0.10758399999997437,"failureMessages":[],"meta":{},"tags":[]},{"ancestorTitles":["WHEEL_TEMPLATES — game-type config fields"],"fullName":"WHEEL_TEMPLATES — game-type config fields roulette templates cover all 3 pocket styles","status":"passed","title":"roulette templates cover all 3 pocket styles","duration":0.08062499999999773,"failureMessages":[],"meta":{},"tags":[]},{"ancestorTitles":["WHEEL_TEMPLATES — game-type config fields"],"fullName":"WHEEL_TEMPLATES — game-type config fields every scratch_card template sets scratch_layer_style","status":"passed","title":"every scratch_card template sets scratch_layer_style","duration":0.10187500000000682,"failureMessages":[],"meta":{},"tags":[]},{"ancestorTitles":["WHEEL_TEMPLATES — game-type config fields"],"fullName":"WHEEL_TEMPLATES — game-type config fields every slot_machine template sets slot_cabinet_style","status":"passed","title":"every slot_machine template sets slot_cabinet_style","duration":0.09412499999996271,"failureMessages":[],"meta":{},"tags":[]},{"ancestorTitles":["WHEEL_TEMPLATES — game-type config fields"],"fullName":"WHEEL_TEMPLATES — game-type config fields every slot_machine template sets slot_reel_count","status":"passed","title":"every slot_machine template sets slot_reel_count","duration":0.282333000000051,"failureMessages":[],"meta":{},"tags":[]},{"ancestorTitles":["WHEEL_TEMPLATES — game-type config fields"],"fullName":"WHEEL_TEMPLATES — game-type config fields slot templates include at least one 5-reel template","status":"passed","title":"slot templates include at least one 5-reel template","duration":0.041958999999963,"failureMessages":[],"meta":{},"tags":[]},{"ancestorTitles":["WHEEL_TEMPLATES — game-type config fields"],"fullName":"WHEEL_TEMPLATES — game-type config fields every wheel template has a primary_color in branding","status":"passed","title":"every wheel template has a primary_color in branding","duration":0.11504200000001674,"failureMessages":[],"meta":{},"tags":[]}],"startTime":1776925091016,"endTime":1776925091024.2822,"status":"passed","message":"","name":"/Users/indianic/Downloads/Wheel_Fortune/wheel forutne github/wheelofFortune/src/__tests__/wheel-templates.test.ts"},{"assertionResults":[{"ancestorTitles":["GET /api/wheels/[id]"],"fullName":"GET /api/wheels/[id] returns 401 when not authenticated","status":"passed","title":"returns 401 when not authenticated","duration":5.7516670000000545,"failureMessages":[],"meta":{},"tags":[]},{"ancestorTitles":["GET /api/wheels/[id]"],"fullName":"GET /api/wheels/[id] returns 404 when wheel does not exist","status":"passed","title":"returns 404 when wheel does not exist","duration":2.5073749999999677,"failureMessages":[],"meta":{},"tags":[]},{"ancestorTitles":["GET /api/wheels/[id]"],"fullName":"GET /api/wheels/[id] returns 404 when wheel belongs to different client (cross-tenant)","status":"passed","title":"returns 404 when wheel belongs to different client (cross-tenant)","duration":0.6668339999999944,"failureMessages":[],"meta":{},"tags":[]},{"ancestorTitles":["GET /api/wheels/[id]"],"fullName":"GET /api/wheels/[id] returns wheel with segments on success","status":"passed","title":"returns wheel with segments on success","duration":2.9764169999999694,"failureMessages":[],"meta":{},"tags":[]},{"ancestorTitles":["GET /api/wheels/[id]"],"fullName":"GET /api/wheels/[id] returns 500 on DB error","status":"passed","title":"returns 500 on DB error","duration":1.0533330000000092,"failureMessages":[],"meta":{},"tags":[]},{"ancestorTitles":["PUT /api/wheels/[id]"],"fullName":"PUT /api/wheels/[id] returns 401 when not authenticated","status":"passed","title":"returns 401 when not authenticated","duration":0.7351670000000468,"failureMessages":[],"meta":{},"tags":[]},{"ancestorTitles":["PUT /api/wheels/[id]"],"fullName":"PUT /api/wheels/[id] returns 403 for viewer role","status":"passed","title":"returns 403 for viewer role","duration":0.32587499999999636,"failureMessages":[],"meta":{},"tags":[]},{"ancestorTitles":["PUT /api/wheels/[id]"],"fullName":"PUT /api/wheels/[id] returns 404 when wheel not found","status":"passed","title":"returns 404 when wheel not found","duration":0.6182919999999967,"failureMessages":[],"meta":{},"tags":[]},{"ancestorTitles":["PUT /api/wheels/[id]"],"fullName":"PUT /api/wheels/[id] updates wheel name for editor","status":"passed","title":"updates wheel name for editor","duration":0.9931669999999713,"failureMessages":[],"meta":{},"tags":[]},{"ancestorTitles":["PUT /api/wheels/[id]"],"fullName":"PUT /api/wheels/[id] updates wheel status for owner","status":"passed","title":"updates wheel status for owner","duration":1.0708329999999933,"failureMessages":[],"meta":{},"tags":[]},{"ancestorTitles":["PUT /api/wheels/[id]"],"fullName":"PUT /api/wheels/[id] returns 500 on DB error","status":"passed","title":"returns 500 on DB error","duration":0.6691660000000184,"failureMessages":[],"meta":{},"tags":[]},{"ancestorTitles":["DELETE /api/wheels/[id]"],"fullName":"DELETE /api/wheels/[id] returns 401 when not authenticated","status":"passed","title":"returns 401 when not authenticated","duration":0.4235830000000078,"failureMessages":[],"meta":{},"tags":[]},{"ancestorTitles":["DELETE /api/wheels/[id]"],"fullName":"DELETE /api/wheels/[id] returns 403 for editor role","status":"passed","title":"returns 403 for editor role","duration":0.6037499999999909,"failureMessages":[],"meta":{},"tags":[]},{"ancestorTitles":["DELETE /api/wheels/[id]"],"fullName":"DELETE /api/wheels/[id] returns 403 for viewer role","status":"passed","title":"returns 403 for viewer role","duration":0.3182080000000269,"failureMessages":[],"meta":{},"tags":[]},{"ancestorTitles":["DELETE /api/wheels/[id]"],"fullName":"DELETE /api/wheels/[id] returns 404 when wheel not found","status":"passed","title":"returns 404 when wheel not found","duration":0.31466599999998834,"failureMessages":[],"meta":{},"tags":[]},{"ancestorTitles":["DELETE /api/wheels/[id]"],"fullName":"DELETE /api/wheels/[id] soft-deletes the wheel for owner","status":"passed","title":"soft-deletes the wheel for owner","duration":0.5130839999999921,"failureMessages":[],"meta":{},"tags":[]},{"ancestorTitles":["DELETE /api/wheels/[id]"],"fullName":"DELETE /api/wheels/[id] returns 500 on DB error","status":"passed","title":"returns 500 on DB error","duration":0.6368750000000318,"failureMessages":[],"meta":{},"tags":[]}],"startTime":1776925090574,"endTime":1776925090594.637,"status":"passed","message":"","name":"/Users/indianic/Downloads/Wheel_Fortune/wheel forutne github/wheelofFortune/src/__tests__/wheels-id.test.ts"},{"assertionResults":[{"ancestorTitles":["GET /api/wheels/[id]/segments"],"fullName":"GET /api/wheels/[id]/segments returns 401 when not authenticated","status":"passed","title":"returns 401 when not authenticated","duration":3.5054170000000227,"failureMessages":[],"meta":{},"tags":[]},{"ancestorTitles":["GET /api/wheels/[id]/segments"],"fullName":"GET /api/wheels/[id]/segments returns 404 when wheel not found","status":"passed","title":"returns 404 when wheel not found","duration":1.2035000000000196,"failureMessages":[],"meta":{},"tags":[]},{"ancestorTitles":["GET /api/wheels/[id]/segments"],"fullName":"GET /api/wheels/[id]/segments returns segments list on success","status":"passed","title":"returns segments list on success","duration":0.6857080000000337,"failureMessages":[],"meta":{},"tags":[]},{"ancestorTitles":["GET /api/wheels/[id]/segments"],"fullName":"GET /api/wheels/[id]/segments returns empty segments array for new wheel","status":"passed","title":"returns empty segments array for new wheel","duration":0.5658329999999978,"failureMessages":[],"meta":{},"tags":[]},{"ancestorTitles":["GET /api/wheels/[id]/segments"],"fullName":"GET /api/wheels/[id]/segments returns 500 on DB error","status":"passed","title":"returns 500 on DB error","duration":0.2868750000000091,"failureMessages":[],"meta":{},"tags":[]},{"ancestorTitles":["PUT /api/wheels/[id]/segments"],"fullName":"PUT /api/wheels/[id]/segments returns 401 when not authenticated","status":"passed","title":"returns 401 when not authenticated","duration":0.6382079999999632,"failureMessages":[],"meta":{},"tags":[]},{"ancestorTitles":["PUT /api/wheels/[id]/segments"],"fullName":"PUT /api/wheels/[id]/segments returns 403 for viewer role","status":"passed","title":"returns 403 for viewer role","duration":0.2504159999999729,"failureMessages":[],"meta":{},"tags":[]},{"ancestorTitles":["PUT /api/wheels/[id]/segments"],"fullName":"PUT /api/wheels/[id]/segments returns 400 when segments is not an array","status":"passed","title":"returns 400 when segments is not an array","duration":0.26724999999999,"failureMessages":[],"meta":{},"tags":[]},{"ancestorTitles":["PUT /api/wheels/[id]/segments"],"fullName":"PUT /api/wheels/[id]/segments returns 400 when fewer than 2 segments","status":"passed","title":"returns 400 when fewer than 2 segments","duration":0.259208000000001,"failureMessages":[],"meta":{},"tags":[]},{"ancestorTitles":["PUT /api/wheels/[id]/segments"],"fullName":"PUT /api/wheels/[id]/segments returns 400 when more than 24 segments","status":"passed","title":"returns 400 when more than 24 segments","duration":0.32458400000001575,"failureMessages":[],"meta":{},"tags":[]},{"ancestorTitles":["PUT /api/wheels/[id]/segments"],"fullName":"PUT /api/wheels/[id]/segments returns 400 when bg_color is invalid","status":"failed","title":"returns 400 when bg_color is invalid","duration":3.273083999999983,"failureMessages":["AssertionError: expected 'Segment 1 has invalid background colo…' to contain 'bg_color'\n    at /Users/indianic/Downloads/Wheel_Fortune/wheel forutne github/wheelofFortune/src/__tests__/wheels-segments.test.ts:168:32\n    at processTicksAndRejections (node:internal/process/task_queues:103:5)\n    at file:///Users/indianic/Downloads/Wheel_Fortune/wheel%20forutne%20github/wheelofFortune/node_modules/@vitest/runner/dist/chunk-artifact.js:1893:20"],"meta":{},"tags":[]},{"ancestorTitles":["PUT /api/wheels/[id]/segments"],"fullName":"PUT /api/wheels/[id]/segments returns 400 when text_color is invalid","status":"passed","title":"returns 400 when text_color is invalid","duration":0.44966700000003357,"failureMessages":[],"meta":{},"tags":[]},{"ancestorTitles":["PUT /api/wheels/[id]/segments"],"fullName":"PUT /api/wheels/[id]/segments accepts \"transparent\" as a valid color","status":"passed","title":"accepts \"transparent\" as a valid color","duration":0.7024999999999864,"failureMessages":[],"meta":{},"tags":[]},{"ancestorTitles":["PUT /api/wheels/[id]/segments"],"fullName":"PUT /api/wheels/[id]/segments returns 404 when wheel not found","status":"passed","title":"returns 404 when wheel not found","duration":0.14504199999998946,"failureMessages":[],"meta":{},"tags":[]},{"ancestorTitles":["PUT /api/wheels/[id]/segments"],"fullName":"PUT /api/wheels/[id]/segments updates existing segments in place (same count)","status":"passed","title":"updates existing segments in place (same count)","duration":0.4404999999999859,"failureMessages":[],"meta":{},"tags":[]},{"ancestorTitles":["PUT /api/wheels/[id]/segments"],"fullName":"PUT /api/wheels/[id]/segments inserts new segments when count increases","status":"passed","title":"inserts new segments when count increases","duration":0.27924999999999045,"failureMessages":[],"meta":{},"tags":[]},{"ancestorTitles":["PUT /api/wheels/[id]/segments"],"fullName":"PUT /api/wheels/[id]/segments skips deleting segments referenced by spin_results","status":"passed","title":"skips deleting segments referenced by spin_results","duration":0.3705410000000029,"failureMessages":[],"meta":{},"tags":[]},{"ancestorTitles":["PUT /api/wheels/[id]/segments"],"fullName":"PUT /api/wheels/[id]/segments returns 500 on DB error","status":"passed","title":"returns 500 on DB error","duration":0.14825000000001864,"failureMessages":[],"meta":{},"tags":[]},{"ancestorTitles":["PUT /api/wheels/[id]/segments"],"fullName":"PUT /api/wheels/[id]/segments accepts #RRGGBBAA 8-digit hex as valid color","status":"passed","title":"accepts #RRGGBBAA 8-digit hex as valid color","duration":0.22775000000001455,"failureMessages":[],"meta":{},"tags":[]}],"startTime":1776925090568,"endTime":1776925090582.2278,"status":"failed","message":"","name":"/Users/indianic/Downloads/Wheel_Fortune/wheel forutne github/wheelofFortune/src/__tests__/wheels-segments.test.ts"},{"assertionResults":[{"ancestorTitles":["GET /api/wheels"],"fullName":"GET /api/wheels returns 401 when not authenticated","status":"passed","title":"returns 401 when not authenticated","duration":5.556708999999955,"failureMessages":[],"meta":{},"tags":[]},{"ancestorTitles":["GET /api/wheels"],"fullName":"GET /api/wheels returns empty array when client has no wheels","status":"passed","title":"returns empty array when client has no wheels","duration":1.512833999999998,"failureMessages":[],"meta":{},"tags":[]},{"ancestorTitles":["GET /api/wheels"],"fullName":"GET /api/wheels returns wheels list for authenticated user","status":"passed","title":"returns wheels list for authenticated user","duration":0.7407910000000015,"failureMessages":[],"meta":{},"tags":[]},{"ancestorTitles":["GET /api/wheels"],"fullName":"GET /api/wheels returns 500 on DB error","status":"passed","title":"returns 500 on DB error","duration":0.34924999999998363,"failureMessages":[],"meta":{},"tags":[]},{"ancestorTitles":["POST /api/wheels"],"fullName":"POST /api/wheels returns 401 when not authenticated","status":"passed","title":"returns 401 when not authenticated","duration":0.3942909999999529,"failureMessages":[],"meta":{},"tags":[]},{"ancestorTitles":["POST /api/wheels"],"fullName":"POST /api/wheels returns 403 when role is viewer","status":"passed","title":"returns 403 when role is viewer","duration":0.8157920000000445,"failureMessages":[],"meta":{},"tags":[]},{"ancestorTitles":["POST /api/wheels"],"fullName":"POST /api/wheels returns 400 when name is missing","status":"passed","title":"returns 400 when name is missing","duration":0.8487920000000031,"failureMessages":[],"meta":{},"tags":[]},{"ancestorTitles":["POST /api/wheels"],"fullName":"POST /api/wheels creates a wheel and default segments for owner","status":"passed","title":"creates a wheel and default segments for owner","duration":0.566915999999992,"failureMessages":[],"meta":{},"tags":[]},{"ancestorTitles":["POST /api/wheels"],"fullName":"POST /api/wheels creates a wheel for editor role","status":"passed","title":"creates a wheel for editor role","duration":0.3172079999999937,"failureMessages":[],"meta":{},"tags":[]},{"ancestorTitles":["POST /api/wheels"],"fullName":"POST /api/wheels returns 500 on DB error during insert","status":"passed","title":"returns 500 on DB error during insert","duration":0.39041700000001356,"failureMessages":[],"meta":{},"tags":[]}],"startTime":1776925090906,"endTime":1776925090917.3904,"status":"passed","message":"","name":"/Users/indianic/Downloads/Wheel_Fortune/wheel forutne github/wheelofFortune/src/__tests__/wheels.test.ts"},{"assertionResults":[{"ancestorTitles":["SpinWidget"],"fullName":"SpinWidget shows loading state initially","status":"passed","title":"shows loading state initially","duration":20.355125000000044,"failureMessages":[],"meta":{},"tags":[]},{"ancestorTitles":["SpinWidget"],"fullName":"SpinWidget shows error state when session API returns an error","status":"passed","title":"shows error state when session API returns an error","duration":7.265332999999941,"failureMessages":[],"meta":{},"tags":[]},{"ancestorTitles":["ScratchWidget"],"fullName":"ScratchWidget shows error state on failed session","status":"passed","title":"shows error state on failed session","duration":3.2539999999999054,"failureMessages":[],"meta":{},"tags":[]},{"ancestorTitles":["ScratchWidget"],"fullName":"ScratchWidget shows lead form when form_config.enabled is true","status":"passed","title":"shows lead form when form_config.enabled is true","duration":9.834040999999957,"failureMessages":[],"meta":{},"tags":[]},{"ancestorTitles":["ScratchWidget"],"fullName":"ScratchWidget shows scratch card when no form required","status":"passed","title":"shows scratch card when no form required","duration":4.666041999999948,"failureMessages":[],"meta":{},"tags":[]},{"ancestorTitles":["SlotWidget"],"fullName":"SlotWidget shows error state on failed session","status":"passed","title":"shows error state on failed session","duration":3.2054170000000113,"failureMessages":[],"meta":{},"tags":[]},{"ancestorTitles":["SlotWidget"],"fullName":"SlotWidget renders slot machine UI when session loads","status":"passed","title":"renders slot machine UI when session loads","duration":40.028583000000026,"failureMessages":[],"meta":{},"tags":[]},{"ancestorTitles":["SlotWidget"],"fullName":"SlotWidget shows form when form_config.enabled is true","status":"passed","title":"shows form when form_config.enabled is true","duration":3.33299999999997,"failureMessages":[],"meta":{},"tags":[]},{"ancestorTitles":["RouletteWidget"],"fullName":"RouletteWidget shows error state on failed session","status":"passed","title":"shows error state on failed session","duration":2.9027919999999767,"failureMessages":[],"meta":{},"tags":[]},{"ancestorTitles":["RouletteWidget"],"fullName":"RouletteWidget renders roulette canvas when session loads without trigger rules","status":"passed","title":"renders roulette canvas when session loads without trigger rules","duration":3.2988749999999527,"failureMessages":[],"meta":{},"tags":[]},{"ancestorTitles":["RouletteWidget"],"fullName":"RouletteWidget shows lead form when form_config.enabled is true","status":"passed","title":"shows lead form when form_config.enabled is true","duration":1.9563339999999698,"failureMessages":[],"meta":{},"tags":[]}],"startTime":1776925091044,"endTime":1776925091143.9563,"status":"passed","message":"","name":"/Users/indianic/Downloads/Wheel_Fortune/wheel forutne github/wheelofFortune/src/__tests__/widgets.test.tsx"}]}
